==================================================================
  SIMULADOR ENJAMBRE DE DRONES — EJECUCIÓN COMPLETA
  Inicio : 2026-03-15 12:26:32
  Log    : logs/entrenamiento_20260315_122632.log
==================================================================

==================================================================
  INICIANDO Q-LEARNING 2D
==================================================================


  Sesión Q-Learning + Obstáculo: 20260315_122634

>>> Formación: LINEA <<<

=========================================================
  Agente Q-Learning 2D — Enjambre cooperativo + Obstáculo
  α=0.2  γ=0.99
  ε: 1.0 → 0.1  (decay=0.995)
  Estado: (id_dron, bin_ex, bin_ey, bin_ox, bin_oy)
  Bins error: 13/dim  |  Bins obstáculo: 5/dim
  Estados posibles: 38,025
  Acciones: 9 direccionales 2D
  Política: COMPARTIDA (9 drones, 1 tabla Q)
=========================================================
  Ep   100/5000  |  R=   6214.9  |  Ep=1.106m  |  Col=104.7  |  ε=0.606  |  t=74s
  Ep   200/5000  |  R=  26014.6  |  Ep=0.246m  |  Col=68.3  |  ε=0.367  |  t=150s
  Ep   300/5000  |  R=  30346.5  |  Ep=0.227m  |  Col=50.1  |  ε=0.222  |  t=225s
  Ep   400/5000  |  R=  31403.0  |  Ep=0.226m  |  Col=38.1  |  ε=0.135  |  t=302s
  Ep   500/5000  |  R=  28085.4  |  Ep=0.260m  |  Col=60.4  |  ε=0.100  |  t=388s
  Ep   600/5000  |  R=  26711.8  |  Ep=0.263m  |  Col=55.2  |  ε=0.100  |  t=471s
  Ep   700/5000  |  R=  27064.3  |  Ep=0.282m  |  Col=47.6  |  ε=0.100  |  t=557s
  Ep   800/5000  |  R=  27732.1  |  Ep=0.277m  |  Col=48.6  |  ε=0.100  |  t=645s
  Ep   900/5000  |  R=  28347.6  |  Ep=0.269m  |  Col=42.5  |  ε=0.100  |  t=734s
  Ep  1000/5000  |  R=  28547.4  |  Ep=0.261m  |  Col=45.9  |  ε=0.100  |  t=822s
  Ep  1100/5000  |  R=  27367.1  |  Ep=0.270m  |  Col=51.6  |  ε=0.100  |  t=895s
  Ep  1200/5000  |  R=  28930.0  |  Ep=0.279m  |  Col=40.6  |  ε=0.100  |  t=967s
  Ep  1300/5000  |  R=  28975.8  |  Ep=0.262m  |  Col=35.3  |  ε=0.100  |  t=1039s
  Ep  1400/5000  |  R=  27675.0  |  Ep=0.272m  |  Col=48.7  |  ε=0.100  |  t=1117s
  Ep  1500/5000  |  R=  27345.2  |  Ep=0.287m  |  Col=50.5  |  ε=0.100  |  t=1189s
  Ep  1600/5000  |  R=  28872.2  |  Ep=0.269m  |  Col=39.7  |  ε=0.100  |  t=1261s
  Ep  1700/5000  |  R=  28957.1  |  Ep=0.268m  |  Col=42.7  |  ε=0.100  |  t=1333s
  Ep  1800/5000  |  R=  28681.9  |  Ep=0.259m  |  Col=39.6  |  ε=0.100  |  t=1405s
  Ep  1900/5000  |  R=  27236.7  |  Ep=0.273m  |  Col=51.2  |  ε=0.100  |  t=1477s
  Ep  2000/5000  |  R=  28599.9  |  Ep=0.276m  |  Col=43.0  |  ε=0.100  |  t=1549s
  Ep  2100/5000  |  R=  29145.2  |  Ep=0.283m  |  Col=45.4  |  ε=0.100  |  t=1621s
  Ep  2200/5000  |  R=  29244.4  |  Ep=0.259m  |  Col=48.3  |  ε=0.100  |  t=1693s
  Ep  2300/5000  |  R=  28075.9  |  Ep=0.261m  |  Col=48.2  |  ε=0.100  |  t=1768s
  Ep  2400/5000  |  R=  30042.9  |  Ep=0.253m  |  Col=41.3  |  ε=0.100  |  t=1840s
  Ep  2500/5000  |  R=  28259.9  |  Ep=0.264m  |  Col=41.3  |  ε=0.100  |  t=1912s
  Ep  2600/5000  |  R=  29127.1  |  Ep=0.276m  |  Col=42.6  |  ε=0.100  |  t=1984s
  Ep  2700/5000  |  R=  29457.2  |  Ep=0.246m  |  Col=43.7  |  ε=0.100  |  t=2056s
  Ep  2800/5000  |  R=  27916.7  |  Ep=0.266m  |  Col=54.5  |  ε=0.100  |  t=2128s
  Ep  2900/5000  |  R=  27921.5  |  Ep=0.283m  |  Col=50.6  |  ε=0.100  |  t=2201s
  Ep  3000/5000  |  R=  29809.2  |  Ep=0.237m  |  Col=42.1  |  ε=0.100  |  t=2277s
  Ep  3100/5000  |  R=  28428.4  |  Ep=0.258m  |  Col=41.6  |  ε=0.100  |  t=2349s
  Ep  3200/5000  |  R=  29346.3  |  Ep=0.249m  |  Col=48.1  |  ε=0.100  |  t=2421s
  Ep  3300/5000  |  R=  29843.6  |  Ep=0.252m  |  Col=38.0  |  ε=0.100  |  t=2494s
  Ep  3400/5000  |  R=  30195.3  |  Ep=0.246m  |  Col=38.3  |  ε=0.100  |  t=2565s
  Ep  3500/5000  |  R=  29136.3  |  Ep=0.253m  |  Col=44.4  |  ε=0.100  |  t=2637s
  Ep  3600/5000  |  R=  28568.2  |  Ep=0.270m  |  Col=48.5  |  ε=0.100  |  t=2709s
  Ep  3700/5000  |  R=  28336.2  |  Ep=0.261m  |  Col=50.5  |  ε=0.100  |  t=2781s
  Ep  3800/5000  |  R=  27350.0  |  Ep=0.283m  |  Col=47.6  |  ε=0.100  |  t=2852s
  Ep  3900/5000  |  R=  29132.4  |  Ep=0.245m  |  Col=48.3  |  ε=0.100  |  t=2924s
  Ep  4000/5000  |  R=  29926.1  |  Ep=0.258m  |  Col=42.1  |  ε=0.100  |  t=2996s
  Ep  4100/5000  |  R=  30723.0  |  Ep=0.240m  |  Col=41.1  |  ε=0.100  |  t=3067s
  Ep  4200/5000  |  R=  29641.5  |  Ep=0.261m  |  Col=40.0  |  ε=0.100  |  t=3156s
  Ep  4300/5000  |  R=  28615.8  |  Ep=0.253m  |  Col=44.9  |  ε=0.100  |  t=3233s
  Ep  4400/5000  |  R=  28592.7  |  Ep=0.257m  |  Col=43.1  |  ε=0.100  |  t=3317s
  Ep  4500/5000  |  R=  29916.3  |  Ep=0.249m  |  Col=41.2  |  ε=0.100  |  t=3420s
  Ep  4600/5000  |  R=  30508.4  |  Ep=0.252m  |  Col=40.9  |  ε=0.100  |  t=3497s
  Ep  4700/5000  |  R=  28931.9  |  Ep=0.282m  |  Col=46.3  |  ε=0.100  |  t=3580s
  Ep  4800/5000  |  R=  28591.1  |  Ep=0.267m  |  Col=43.8  |  ε=0.100  |  t=3652s
  Ep  4900/5000  |  R=  29396.9  |  Ep=0.258m  |  Col=45.0  |  ε=0.100  |  t=3724s
  Ep  5000/5000  |  R=  30160.9  |  Ep=0.239m  |  Col=42.1  |  ε=0.100  |  t=3797s

  ── Tabla Q [LINEA] ──────────────────────────────────
  Estados posibles  : 38,025
  Estados visitados : 11,075  (29.1% de la tabla)
  Actualizaciones   : 13,500,000
  Actualizaciones/estado visitado: 1219.0
  ────────────────────────────────────────────────────────────────
  [Guardado] evidencias/visualizacion_ql_linea_20260315_122634.png

>>> Formación: V <<<

=========================================================
  Agente Q-Learning 2D — Enjambre cooperativo + Obstáculo
  α=0.2  γ=0.99
  ε: 1.0 → 0.1  (decay=0.995)
  Estado: (id_dron, bin_ex, bin_ey, bin_ox, bin_oy)
  Bins error: 13/dim  |  Bins obstáculo: 5/dim
  Estados posibles: 38,025
  Acciones: 9 direccionales 2D
  Política: COMPARTIDA (9 drones, 1 tabla Q)
=========================================================
  Ep   100/5000  |  R=   6026.2  |  Ep=1.170m  |  Col=83.1  |  ε=0.606  |  t=73s
  Ep   200/5000  |  R=  25016.0  |  Ep=0.265m  |  Col=47.2  |  ε=0.367  |  t=145s
  Ep   300/5000  |  R=  30096.6  |  Ep=0.239m  |  Col=27.1  |  ε=0.222  |  t=217s
  Ep   400/5000  |  R=  28560.4  |  Ep=0.252m  |  Col=27.7  |  ε=0.135  |  t=295s
  Ep   500/5000  |  R=  25629.7  |  Ep=0.285m  |  Col=31.2  |  ε=0.100  |  t=377s
  Ep   600/5000  |  R=  25959.2  |  Ep=0.282m  |  Col=28.7  |  ε=0.100  |  t=459s
  Ep   700/5000  |  R=  24068.7  |  Ep=0.296m  |  Col=30.4  |  ε=0.100  |  t=541s
  Ep   800/5000  |  R=  25853.9  |  Ep=0.322m  |  Col=25.5  |  ε=0.100  |  t=617s
  Ep   900/5000  |  R=  27393.1  |  Ep=0.280m  |  Col=22.5  |  ε=0.100  |  t=698s
  Ep  1000/5000  |  R=  26624.6  |  Ep=0.302m  |  Col=21.9  |  ε=0.100  |  t=779s
  Ep  1100/5000  |  R=  28267.9  |  Ep=0.268m  |  Col=22.6  |  ε=0.100  |  t=856s
  Ep  1200/5000  |  R=  26831.6  |  Ep=0.284m  |  Col=22.2  |  ε=0.100  |  t=938s
  Ep  1300/5000  |  R=  28426.2  |  Ep=0.269m  |  Col=21.6  |  ε=0.100  |  t=1021s
  Ep  1400/5000  |  R=  27525.2  |  Ep=0.286m  |  Col=24.6  |  ε=0.100  |  t=1097s
  Ep  1500/5000  |  R=  27246.4  |  Ep=0.297m  |  Col=22.2  |  ε=0.100  |  t=1172s
  Ep  1600/5000  |  R=  27134.7  |  Ep=0.283m  |  Col=21.5  |  ε=0.100  |  t=1253s
  Ep  1700/5000  |  R=  27206.5  |  Ep=0.292m  |  Col=21.1  |  ε=0.100  |  t=1326s
  Ep  1800/5000  |  R=  27876.4  |  Ep=0.293m  |  Col=24.0  |  ε=0.100  |  t=1399s
  Ep  1900/5000  |  R=  27624.6  |  Ep=0.290m  |  Col=20.0  |  ε=0.100  |  t=1471s
  Ep  2000/5000  |  R=  27756.9  |  Ep=0.268m  |  Col=22.4  |  ε=0.100  |  t=1543s
  Ep  2100/5000  |  R=  28618.4  |  Ep=0.261m  |  Col=20.5  |  ε=0.100  |  t=1615s
  Ep  2200/5000  |  R=  28603.1  |  Ep=0.262m  |  Col=21.8  |  ε=0.100  |  t=1687s
  Ep  2300/5000  |  R=  26535.0  |  Ep=0.281m  |  Col=21.8  |  ε=0.100  |  t=1761s
  Ep  2400/5000  |  R=  26747.4  |  Ep=0.294m  |  Col=25.5  |  ε=0.100  |  t=1833s
  Ep  2500/5000  |  R=  27433.8  |  Ep=0.282m  |  Col=22.9  |  ε=0.100  |  t=1905s
  Ep  2600/5000  |  R=  27836.2  |  Ep=0.261m  |  Col=19.1  |  ε=0.100  |  t=1977s
  Ep  2700/5000  |  R=  28927.7  |  Ep=0.265m  |  Col=18.5  |  ε=0.100  |  t=2049s
  Ep  2800/5000  |  R=  28230.7  |  Ep=0.260m  |  Col=21.9  |  ε=0.100  |  t=2121s
  Ep  2900/5000  |  R=  27558.2  |  Ep=0.294m  |  Col=20.7  |  ε=0.100  |  t=2193s
  Ep  3000/5000  |  R=  28317.5  |  Ep=0.285m  |  Col=27.1  |  ε=0.100  |  t=2265s
  Ep  3100/5000  |  R=  27180.7  |  Ep=0.271m  |  Col=24.2  |  ε=0.100  |  t=2338s
  Ep  3200/5000  |  R=  26678.0  |  Ep=0.290m  |  Col=25.6  |  ε=0.100  |  t=2410s
  Ep  3300/5000  |  R=  29074.0  |  Ep=0.262m  |  Col=23.4  |  ε=0.100  |  t=2482s
  Ep  3400/5000  |  R=  29182.2  |  Ep=0.260m  |  Col=19.7  |  ε=0.100  |  t=2555s
  Ep  3500/5000  |  R=  28481.0  |  Ep=0.271m  |  Col=22.3  |  ε=0.100  |  t=2627s
  Ep  3600/5000  |  R=  27822.3  |  Ep=0.258m  |  Col=23.1  |  ε=0.100  |  t=2699s
  Ep  3700/5000  |  R=  27384.8  |  Ep=0.273m  |  Col=21.6  |  ε=0.100  |  t=2771s
  Ep  3800/5000  |  R=  27706.2  |  Ep=0.268m  |  Col=22.5  |  ε=0.100  |  t=2844s
  Ep  3900/5000  |  R=  27659.7  |  Ep=0.277m  |  Col=22.3  |  ε=0.100  |  t=2918s
  Ep  4000/5000  |  R=  28231.0  |  Ep=0.259m  |  Col=20.8  |  ε=0.100  |  t=2990s
  Ep  4100/5000  |  R=  28911.7  |  Ep=0.257m  |  Col=16.7  |  ε=0.100  |  t=3062s
  Ep  4200/5000  |  R=  29589.7  |  Ep=0.251m  |  Col=22.7  |  ε=0.100  |  t=3134s
  Ep  4300/5000  |  R=  27748.9  |  Ep=0.284m  |  Col=19.2  |  ε=0.100  |  t=3206s
  Ep  4400/5000  |  R=  27476.0  |  Ep=0.276m  |  Col=21.9  |  ε=0.100  |  t=3278s
  Ep  4500/5000  |  R=  29038.4  |  Ep=0.261m  |  Col=23.5  |  ε=0.100  |  t=3350s
  Ep  4600/5000  |  R=  29244.7  |  Ep=0.273m  |  Col=18.4  |  ε=0.100  |  t=3422s
  Ep  4700/5000  |  R=  29356.7  |  Ep=0.264m  |  Col=20.6  |  ε=0.100  |  t=3495s
  Ep  4800/5000  |  R=  28390.5  |  Ep=0.269m  |  Col=18.1  |  ε=0.100  |  t=3568s
  Ep  4900/5000  |  R=  27784.7  |  Ep=0.273m  |  Col=23.6  |  ε=0.100  |  t=3640s
  Ep  5000/5000  |  R=  29185.2  |  Ep=0.248m  |  Col=16.4  |  ε=0.100  |  t=3713s

  ── Tabla Q [V] ──────────────────────────────────
  Estados posibles  : 38,025
  Estados visitados : 9,476  (24.9% de la tabla)
  Actualizaciones   : 13,500,000
  Actualizaciones/estado visitado: 1424.7
  ────────────────────────────────────────────────────────────────
  [Guardado] evidencias/visualizacion_ql_v_20260315_122634.png

>>> Formación: CIRCULO <<<

=========================================================
  Agente Q-Learning 2D — Enjambre cooperativo + Obstáculo
  α=0.2  γ=0.99
  ε: 1.0 → 0.1  (decay=0.995)
  Estado: (id_dron, bin_ex, bin_ey, bin_ox, bin_oy)
  Bins error: 13/dim  |  Bins obstáculo: 5/dim
  Estados posibles: 38,025
  Acciones: 9 direccionales 2D
  Política: COMPARTIDA (9 drones, 1 tabla Q)
=========================================================
  Ep   100/5000  |  R=   5267.4  |  Ep=1.319m  |  Col=60.6  |  ε=0.606  |  t=73s
  Ep   200/5000  |  R=  25219.9  |  Ep=0.244m  |  Col=28.0  |  ε=0.367  |  t=144s
  Ep   300/5000  |  R=  30063.1  |  Ep=0.214m  |  Col=21.6  |  ε=0.222  |  t=217s
  Ep   400/5000  |  R=  31236.5  |  Ep=0.210m  |  Col=15.8  |  ε=0.135  |  t=289s
  Ep   500/5000  |  R=  29866.0  |  Ep=0.226m  |  Col=13.0  |  ε=0.100  |  t=361s
  Ep   600/5000  |  R=  27334.3  |  Ep=0.237m  |  Col=15.8  |  ε=0.100  |  t=433s
  Ep   700/5000  |  R=  28169.1  |  Ep=0.255m  |  Col=17.4  |  ε=0.100  |  t=505s
  Ep   800/5000  |  R=  27875.5  |  Ep=0.261m  |  Col=16.5  |  ε=0.100  |  t=577s
  Ep   900/5000  |  R=  28272.2  |  Ep=0.240m  |  Col=13.1  |  ε=0.100  |  t=649s
  Ep  1000/5000  |  R=  29112.9  |  Ep=0.236m  |  Col=12.9  |  ε=0.100  |  t=721s
  Ep  1100/5000  |  R=  28882.4  |  Ep=0.248m  |  Col=12.9  |  ε=0.100  |  t=793s
  Ep  1200/5000  |  R=  28653.1  |  Ep=0.243m  |  Col=12.8  |  ε=0.100  |  t=865s
  Ep  1300/5000  |  R=  28858.5  |  Ep=0.249m  |  Col=11.8  |  ε=0.100  |  t=937s
  Ep  1400/5000  |  R=  29165.3  |  Ep=0.244m  |  Col=11.7  |  ε=0.100  |  t=1009s
  Ep  1500/5000  |  R=  29333.8  |  Ep=0.238m  |  Col=12.6  |  ε=0.100  |  t=1081s
  Ep  1600/5000  |  R=  28830.6  |  Ep=0.261m  |  Col=12.7  |  ε=0.100  |  t=1153s
  Ep  1700/5000  |  R=  27604.1  |  Ep=0.246m  |  Col=16.0  |  ε=0.100  |  t=1225s
  Ep  1800/5000  |  R=  29072.6  |  Ep=0.247m  |  Col=11.4  |  ε=0.100  |  t=1297s
  Ep  1900/5000  |  R=  29469.8  |  Ep=0.246m  |  Col=12.8  |  ε=0.100  |  t=1369s
  Ep  2000/5000  |  R=  28688.6  |  Ep=0.236m  |  Col=10.3  |  ε=0.100  |  t=1441s
  Ep  2100/5000  |  R=  28554.6  |  Ep=0.267m  |  Col=13.2  |  ε=0.100  |  t=1513s
  Ep  2200/5000  |  R=  29937.7  |  Ep=0.238m  |  Col=11.5  |  ε=0.100  |  t=1585s
  Ep  2300/5000  |  R=  29560.9  |  Ep=0.237m  |  Col=10.3  |  ε=0.100  |  t=1657s
  Ep  2400/5000  |  R=  28699.0  |  Ep=0.249m  |  Col=11.8  |  ε=0.100  |  t=1728s
  Ep  2500/5000  |  R=  29637.6  |  Ep=0.245m  |  Col=9.8  |  ε=0.100  |  t=1800s
  Ep  2600/5000  |  R=  28867.0  |  Ep=0.243m  |  Col=9.8  |  ε=0.100  |  t=1872s
  Ep  2700/5000  |  R=  30029.4  |  Ep=0.236m  |  Col=9.5  |  ε=0.100  |  t=1944s
  Ep  2800/5000  |  R=  28740.3  |  Ep=0.244m  |  Col=11.5  |  ε=0.100  |  t=2016s
  Ep  2900/5000  |  R=  27877.9  |  Ep=0.256m  |  Col=12.0  |  ε=0.100  |  t=2090s
  Ep  3000/5000  |  R=  29459.3  |  Ep=0.244m  |  Col=11.5  |  ε=0.100  |  t=2161s
  Ep  3100/5000  |  R=  28907.5  |  Ep=0.244m  |  Col=10.8  |  ε=0.100  |  t=2233s
  Ep  3200/5000  |  R=  29475.8  |  Ep=0.246m  |  Col=10.1  |  ε=0.100  |  t=2304s
  Ep  3300/5000  |  R=  29436.0  |  Ep=0.247m  |  Col=11.4  |  ε=0.100  |  t=2376s
  Ep  3400/5000  |  R=  29540.7  |  Ep=0.248m  |  Col=11.6  |  ε=0.100  |  t=2448s
  Ep  3500/5000  |  R=  29031.0  |  Ep=0.262m  |  Col=11.2  |  ε=0.100  |  t=2519s
  Ep  3600/5000  |  R=  28298.6  |  Ep=0.246m  |  Col=11.3  |  ε=0.100  |  t=2591s
  Ep  3700/5000  |  R=  28389.2  |  Ep=0.255m  |  Col=12.7  |  ε=0.100  |  t=2664s
  Ep  3800/5000  |  R=  28881.8  |  Ep=0.243m  |  Col=12.3  |  ε=0.100  |  t=2735s
  Ep  3900/5000  |  R=  29705.1  |  Ep=0.242m  |  Col=10.0  |  ε=0.100  |  t=2808s
  Ep  4000/5000  |  R=  29443.2  |  Ep=0.254m  |  Col=11.3  |  ε=0.100  |  t=2880s
  Ep  4100/5000  |  R=  29745.8  |  Ep=0.246m  |  Col=11.2  |  ε=0.100  |  t=2951s
  Ep  4200/5000  |  R=  28860.0  |  Ep=0.256m  |  Col=10.3  |  ε=0.100  |  t=3023s
  Ep  4300/5000  |  R=  27549.4  |  Ep=0.264m  |  Col=11.9  |  ε=0.100  |  t=3095s
  Ep  4400/5000  |  R=  27708.6  |  Ep=0.255m  |  Col=10.8  |  ε=0.100  |  t=3166s
  Ep  4500/5000  |  R=  27767.2  |  Ep=0.261m  |  Col=13.8  |  ε=0.100  |  t=3238s
  Ep  4600/5000  |  R=  28842.9  |  Ep=0.245m  |  Col=9.5  |  ε=0.100  |  t=3317s
  Ep  4700/5000  |  R=  27990.8  |  Ep=0.261m  |  Col=11.5  |  ε=0.100  |  t=3406s
  Ep  4800/5000  |  R=  27645.4  |  Ep=0.257m  |  Col=9.6  |  ε=0.100  |  t=3511s
  Ep  4900/5000  |  R=  28479.6  |  Ep=0.248m  |  Col=12.2  |  ε=0.100  |  t=3594s
  Ep  5000/5000  |  R=  28121.8  |  Ep=0.271m  |  Col=12.0  |  ε=0.100  |  t=3671s

  ── Tabla Q [CIRCULO] ──────────────────────────────────
  Estados posibles  : 38,025
  Estados visitados : 8,431  (22.2% de la tabla)
  Actualizaciones   : 13,500,000
  Actualizaciones/estado visitado: 1601.2
  ────────────────────────────────────────────────────────────────
  [Guardado] evidencias/visualizacion_ql_circulo_20260315_122634.png

==================================================================
  RESUMEN GLOBAL — Cobertura tabla Q por formación
==================================================================
  LINEA     ██████████████░░░░░░░░░░░░░░░░░░░░░░░░░░░░░░░░░░░░   29.2%  (11,091/38,025)
  V         ████████████░░░░░░░░░░░░░░░░░░░░░░░░░░░░░░░░░░░░░░   25.0%  (9,502/38,025)
  CIRCULO   ███████████░░░░░░░░░░░░░░░░░░░░░░░░░░░░░░░░░░░░░░░   22.2%  (8,435/38,025)
==================================================================

  Q-Learning completado.

==================================================================
  Q-LEARNING 2D COMPLETADO  (3h 13m 27s)
==================================================================


==================================================================
  INICIANDO MAPPO 2D
==================================================================


  Sesión MAPPO + Obstáculo: 20260315_154006

>>> Formación: LINEA <<<


============================================================
  MAPPO 2D + Obstáculo — Formación LINEA
  γ=0.99  λ=0.95  lr_actor=0.0003
  Obs: 14 dims  |  Acciones: 9
  Política: COMPARTIDA (9 drones, 1 red)
============================================================
  Ep   100/5000  |  R=  19431.2  |  Ep=1.099m  |  Col=64.1  |  H=2.001  |  t=174s
  Ep   200/5000  |  R= 105359.3  |  Ep=0.138m  |  Col=55.6  |  H=1.300  |  t=339s
  Ep   300/5000  |  R= 116976.0  |  Ep=0.118m  |  Col=40.8  |  H=1.194  |  t=478s
  Ep   400/5000  |  R= 121085.6  |  Ep=0.110m  |  Col=31.6  |  H=1.086  |  t=641s
  Ep   500/5000  |  R= 117272.9  |  Ep=0.133m  |  Col=41.0  |  H=1.373  |  t=796s
  Ep   600/5000  |  R= 120496.8  |  Ep=0.118m  |  Col=34.2  |  H=1.495  |  t=941s
  Ep   700/5000  |  R= 123611.8  |  Ep=0.115m  |  Col=21.5  |  H=1.485  |  t=1074s
  Ep   800/5000  |  R= 123671.3  |  Ep=0.118m  |  Col=22.3  |  H=1.362  |  t=1231s
  Ep   900/5000  |  R= 125151.0  |  Ep=0.115m  |  Col=22.1  |  H=1.291  |  t=1377s
  Ep  1000/5000  |  R= 126046.0  |  Ep=0.113m  |  Col=26.4  |  H=1.364  |  t=1505s
  Ep  1100/5000  |  R= 127292.9  |  Ep=0.102m  |  Col=25.0  |  H=1.489  |  t=1620s
  Ep  1200/5000  |  R= 126875.3  |  Ep=0.113m  |  Col=24.6  |  H=1.390  |  t=1755s
  Ep  1300/5000  |  R= 125281.5  |  Ep=0.116m  |  Col=26.7  |  H=1.460  |  t=1887s
  Ep  1400/5000  |  R= 127809.3  |  Ep=0.112m  |  Col=20.2  |  H=1.411  |  t=2001s
  Ep  1500/5000  |  R= 128274.3  |  Ep=0.108m  |  Col=22.9  |  H=1.491  |  t=2122s
  Ep  1600/5000  |  R= 127768.0  |  Ep=0.114m  |  Col=27.4  |  H=1.386  |  t=2256s
  Ep  1700/5000  |  R= 127785.4  |  Ep=0.114m  |  Col=24.4  |  H=1.460  |  t=2371s
  Ep  1800/5000  |  R= 126812.1  |  Ep=0.110m  |  Col=25.7  |  H=1.499  |  t=2486s
  Ep  1900/5000  |  R= 128058.1  |  Ep=0.110m  |  Col=24.9  |  H=1.442  |  t=2601s
  Ep  2000/5000  |  R= 127067.4  |  Ep=0.106m  |  Col=25.5  |  H=1.414  |  t=2716s
  Ep  2100/5000  |  R= 127059.7  |  Ep=0.111m  |  Col=24.1  |  H=1.483  |  t=2830s
  Ep  2200/5000  |  R= 128729.5  |  Ep=0.107m  |  Col=20.7  |  H=1.394  |  t=2944s
  Ep  2300/5000  |  R= 129015.7  |  Ep=0.119m  |  Col=25.1  |  H=1.380  |  t=3059s
  Ep  2400/5000  |  R= 129608.9  |  Ep=0.101m  |  Col=25.8  |  H=1.433  |  t=3174s
  Ep  2500/5000  |  R= 127221.4  |  Ep=0.116m  |  Col=20.9  |  H=1.434  |  t=3287s
  Ep  2600/5000  |  R= 128826.6  |  Ep=0.109m  |  Col=24.3  |  H=1.356  |  t=3401s
  Ep  2700/5000  |  R= 128273.2  |  Ep=0.102m  |  Col=26.6  |  H=1.408  |  t=3515s
  Ep  2800/5000  |  R= 126728.6  |  Ep=0.108m  |  Col=22.5  |  H=1.534  |  t=3629s
  Ep  2900/5000  |  R= 127112.5  |  Ep=0.110m  |  Col=24.1  |  H=1.455  |  t=3743s
  Ep  3000/5000  |  R= 127367.4  |  Ep=0.111m  |  Col=24.1  |  H=1.424  |  t=3858s
  Ep  3100/5000  |  R= 128645.4  |  Ep=0.110m  |  Col=22.7  |  H=1.411  |  t=3973s
  Ep  3200/5000  |  R= 128726.6  |  Ep=0.110m  |  Col=20.4  |  H=1.428  |  t=4087s
  Ep  3300/5000  |  R= 129364.1  |  Ep=0.101m  |  Col=20.7  |  H=1.409  |  t=4201s
  Ep  3400/5000  |  R= 130148.2  |  Ep=0.107m  |  Col=26.8  |  H=1.302  |  t=4316s
  Ep  3500/5000  |  R= 130647.6  |  Ep=0.097m  |  Col=23.9  |  H=1.307  |  t=4428s
  Ep  3600/5000  |  R= 129881.6  |  Ep=0.098m  |  Col=28.4  |  H=1.461  |  t=4543s
  Ep  3700/5000  |  R= 128174.2  |  Ep=0.103m  |  Col=24.4  |  H=1.354  |  t=4657s
  Ep  3800/5000  |  R= 129789.8  |  Ep=0.100m  |  Col=25.2  |  H=1.362  |  t=4771s
  Ep  3900/5000  |  R= 129096.4  |  Ep=0.103m  |  Col=23.3  |  H=1.402  |  t=4885s
  Ep  4000/5000  |  R= 129516.1  |  Ep=0.105m  |  Col=18.3  |  H=1.433  |  t=4999s
  Ep  4100/5000  |  R= 129058.7  |  Ep=0.119m  |  Col=23.7  |  H=1.441  |  t=5113s
  Ep  4200/5000  |  R= 126834.6  |  Ep=0.123m  |  Col=21.6  |  H=1.401  |  t=5227s
  Ep  4300/5000  |  R= 126644.4  |  Ep=0.119m  |  Col=19.5  |  H=1.464  |  t=5340s
  Ep  4400/5000  |  R= 126355.7  |  Ep=0.115m  |  Col=24.0  |  H=1.526  |  t=5455s
  Ep  4500/5000  |  R= 126898.1  |  Ep=0.123m  |  Col=22.9  |  H=1.401  |  t=5569s
  Ep  4600/5000  |  R= 127728.8  |  Ep=0.128m  |  Col=18.5  |  H=1.436  |  t=5682s
  Ep  4700/5000  |  R= 130388.3  |  Ep=0.102m  |  Col=21.8  |  H=1.422  |  t=5795s
  Ep  4800/5000  |  R= 129251.5  |  Ep=0.102m  |  Col=22.1  |  H=1.422  |  t=5910s
  Ep  4900/5000  |  R= 128388.2  |  Ep=0.108m  |  Col=23.2  |  H=1.449  |  t=6024s
  Ep  5000/5000  |  R= 131011.2  |  Ep=0.094m  |  Col=25.2  |  H=1.425  |  t=6141s

  ── Red MAPPO [LINEA] ──────────────────────────────────
  Parámetros de la red  : 10,890
  Transiciones totales  : 13,500,000  (1,500,000 pasos × 9 drones)
  Actualizaciones PPO   : 5,000
  Entropía política     : 2.105 (inicio) → 1.494 (final)
  Estado de convergencia: aún explorando
  ────────────────────────────────────────────────────────────────
  [Guardado] evidencias/visualizacion_mappo_linea_20260315_154006.png

>>> Formación: V <<<


============================================================
  MAPPO 2D + Obstáculo — Formación V
  γ=0.99  λ=0.95  lr_actor=0.0003
  Obs: 14 dims  |  Acciones: 9
  Política: COMPARTIDA (9 drones, 1 red)
============================================================
  Ep   100/5000  |  R=  26359.9  |  Ep=0.681m  |  Col=58.1  |  H=1.888  |  t=116s
  Ep   200/5000  |  R= 108143.3  |  Ep=0.176m  |  Col=19.8  |  H=1.397  |  t=231s
  Ep   300/5000  |  R= 119351.2  |  Ep=0.153m  |  Col=13.2  |  H=1.444  |  t=347s
  Ep   400/5000  |  R= 121166.2  |  Ep=0.137m  |  Col=16.4  |  H=1.361  |  t=463s
  Ep   500/5000  |  R= 121100.6  |  Ep=0.160m  |  Col=14.7  |  H=1.224  |  t=578s
  Ep   600/5000  |  R= 121090.4  |  Ep=0.162m  |  Col=14.4  |  H=1.316  |  t=693s
  Ep   700/5000  |  R= 121326.4  |  Ep=0.166m  |  Col=15.1  |  H=1.343  |  t=809s
  Ep   800/5000  |  R= 120859.0  |  Ep=0.173m  |  Col=13.8  |  H=1.384  |  t=925s
  Ep   900/5000  |  R= 123578.2  |  Ep=0.133m  |  Col=12.0  |  H=1.379  |  t=1040s
  Ep  1000/5000  |  R= 125148.8  |  Ep=0.111m  |  Col=13.4  |  H=1.297  |  t=1156s
  Ep  1100/5000  |  R= 124094.7  |  Ep=0.140m  |  Col=13.9  |  H=1.305  |  t=1272s
  Ep  1200/5000  |  R= 125223.9  |  Ep=0.124m  |  Col=14.8  |  H=1.423  |  t=1387s
  Ep  1300/5000  |  R= 124117.7  |  Ep=0.130m  |  Col=14.0  |  H=1.364  |  t=1510s
  Ep  1400/5000  |  R= 125926.3  |  Ep=0.117m  |  Col=15.3  |  H=1.310  |  t=1636s
  Ep  1500/5000  |  R= 126083.6  |  Ep=0.122m  |  Col=19.5  |  H=1.346  |  t=1767s
  Ep  1600/5000  |  R= 125217.7  |  Ep=0.106m  |  Col=16.8  |  H=1.383  |  t=1908s
  Ep  1700/5000  |  R= 122872.0  |  Ep=0.124m  |  Col=14.2  |  H=1.433  |  t=2037s
  Ep  1800/5000  |  R= 124444.7  |  Ep=0.110m  |  Col=11.2  |  H=1.451  |  t=2178s
  Ep  1900/5000  |  R= 126052.9  |  Ep=0.112m  |  Col=13.1  |  H=1.446  |  t=2309s
  Ep  2000/5000  |  R= 125675.6  |  Ep=0.124m  |  Col=13.8  |  H=1.459  |  t=2441s
  Ep  2100/5000  |  R= 126208.1  |  Ep=0.106m  |  Col=14.3  |  H=1.451  |  t=2573s
  Ep  2200/5000  |  R= 127065.5  |  Ep=0.109m  |  Col=16.9  |  H=1.435  |  t=2706s
  Ep  2300/5000  |  R= 127892.3  |  Ep=0.107m  |  Col=16.0  |  H=1.408  |  t=2838s
  Ep  2400/5000  |  R= 127903.6  |  Ep=0.099m  |  Col=17.3  |  H=1.468  |  t=2969s
  Ep  2500/5000  |  R= 127887.2  |  Ep=0.099m  |  Col=16.3  |  H=1.402  |  t=3100s
  Ep  2600/5000  |  R= 127799.6  |  Ep=0.098m  |  Col=15.4  |  H=1.276  |  t=3230s
  Ep  2700/5000  |  R= 128869.4  |  Ep=0.098m  |  Col=15.2  |  H=1.264  |  t=3362s
  Ep  2800/5000  |  R= 128094.0  |  Ep=0.101m  |  Col=16.9  |  H=1.346  |  t=3494s
  Ep  2900/5000  |  R= 126919.7  |  Ep=0.102m  |  Col=14.5  |  H=1.389  |  t=3624s
  Ep  3000/5000  |  R= 125906.3  |  Ep=0.116m  |  Col=16.3  |  H=1.417  |  t=3754s
  Ep  3100/5000  |  R= 126610.4  |  Ep=0.102m  |  Col=18.1  |  H=1.389  |  t=3885s
  Ep  3200/5000  |  R= 125588.8  |  Ep=0.117m  |  Col=16.8  |  H=1.431  |  t=4019s
  Ep  3300/5000  |  R= 127142.5  |  Ep=0.115m  |  Col=15.7  |  H=1.374  |  t=4140s
  Ep  3400/5000  |  R= 126205.6  |  Ep=0.111m  |  Col=15.7  |  H=1.370  |  t=4255s
  Ep  3500/5000  |  R= 125357.3  |  Ep=0.122m  |  Col=14.1  |  H=1.378  |  t=4371s
  Ep  3600/5000  |  R= 127515.0  |  Ep=0.114m  |  Col=15.7  |  H=1.371  |  t=4486s
  Ep  3700/5000  |  R= 127764.8  |  Ep=0.098m  |  Col=15.7  |  H=1.409  |  t=4602s
  Ep  3800/5000  |  R= 126848.1  |  Ep=0.107m  |  Col=15.1  |  H=1.484  |  t=4717s
  Ep  3900/5000  |  R= 126026.3  |  Ep=0.116m  |  Col=17.7  |  H=1.468  |  t=4832s
  Ep  4000/5000  |  R= 128390.4  |  Ep=0.103m  |  Col=14.5  |  H=1.446  |  t=4948s
  Ep  4100/5000  |  R= 127702.5  |  Ep=0.106m  |  Col=15.7  |  H=1.389  |  t=5062s
  Ep  4200/5000  |  R= 127031.3  |  Ep=0.120m  |  Col=15.5  |  H=1.435  |  t=5179s
  Ep  4300/5000  |  R= 126091.5  |  Ep=0.113m  |  Col=19.4  |  H=1.478  |  t=5293s
  Ep  4400/5000  |  R= 128011.1  |  Ep=0.104m  |  Col=15.3  |  H=1.447  |  t=5408s
  Ep  4500/5000  |  R= 128643.6  |  Ep=0.097m  |  Col=13.5  |  H=1.424  |  t=5523s
  Ep  4600/5000  |  R= 128836.7  |  Ep=0.103m  |  Col=16.7  |  H=1.298  |  t=5637s
  Ep  4700/5000  |  R= 128688.6  |  Ep=0.102m  |  Col=16.6  |  H=1.313  |  t=5753s
  Ep  4800/5000  |  R= 128312.3  |  Ep=0.106m  |  Col=15.7  |  H=1.435  |  t=5868s
  Ep  4900/5000  |  R= 127606.6  |  Ep=0.100m  |  Col=14.9  |  H=1.454  |  t=5984s
  Ep  5000/5000  |  R= 128703.2  |  Ep=0.098m  |  Col=12.7  |  H=1.483  |  t=6098s

  ── Red MAPPO [V] ──────────────────────────────────
  Parámetros de la red  : 10,890
  Transiciones totales  : 13,500,000  (1,500,000 pasos × 9 drones)
  Actualizaciones PPO   : 5,000
  Entropía política     : 2.153 (inicio) → 1.559 (final)
  Estado de convergencia: aún explorando
  ────────────────────────────────────────────────────────────────
  [Guardado] evidencias/visualizacion_mappo_v_20260315_154006.png

>>> Formación: CIRCULO <<<


============================================================
  MAPPO 2D + Obstáculo — Formación CIRCULO
  γ=0.99  λ=0.95  lr_actor=0.0003
  Obs: 14 dims  |  Acciones: 9
  Política: COMPARTIDA (9 drones, 1 red)
============================================================
  Ep   100/5000  |  R=  13853.5  |  Ep=1.085m  |  Col=43.1  |  H=1.984  |  t=114s
  Ep   200/5000  |  R= 100720.1  |  Ep=0.156m  |  Col=8.7  |  H=1.371  |  t=229s
  Ep   300/5000  |  R= 116579.3  |  Ep=0.154m  |  Col=9.0  |  H=1.302  |  t=344s
  Ep   400/5000  |  R= 119898.3  |  Ep=0.124m  |  Col=10.0  |  H=1.109  |  t=468s
  Ep   500/5000  |  R= 122631.4  |  Ep=0.128m  |  Col=8.4  |  H=1.337  |  t=596s
  Ep   600/5000  |  R= 121419.2  |  Ep=0.139m  |  Col=8.0  |  H=1.264  |  t=765s
  Ep   700/5000  |  R= 123825.9  |  Ep=0.135m  |  Col=8.2  |  H=1.241  |  t=934s
  Ep   800/5000  |  R= 123639.0  |  Ep=0.127m  |  Col=8.1  |  H=1.278  |  t=1101s
  Ep   900/5000  |  R= 124653.0  |  Ep=0.109m  |  Col=8.4  |  H=1.353  |  t=1264s
  Ep  1000/5000  |  R= 126885.7  |  Ep=0.103m  |  Col=7.5  |  H=1.324  |  t=1430s
  Ep  1100/5000  |  R= 124113.3  |  Ep=0.135m  |  Col=7.1  |  H=1.357  |  t=1608s
  Ep  1200/5000  |  R= 123608.6  |  Ep=0.120m  |  Col=8.3  |  H=1.434  |  t=1737s
  Ep  1300/5000  |  R= 123494.1  |  Ep=0.112m  |  Col=7.5  |  H=1.473  |  t=1855s
  Ep  1400/5000  |  R= 125747.6  |  Ep=0.111m  |  Col=7.5  |  H=1.480  |  t=1971s
  Ep  1500/5000  |  R= 123844.0  |  Ep=0.109m  |  Col=9.3  |  H=1.361  |  t=2086s
  Ep  1600/5000  |  R= 124517.3  |  Ep=0.125m  |  Col=9.5  |  H=1.364  |  t=2201s
  Ep  1700/5000  |  R= 123920.2  |  Ep=0.120m  |  Col=9.6  |  H=1.378  |  t=2316s
  Ep  1800/5000  |  R= 125932.8  |  Ep=0.104m  |  Col=9.2  |  H=1.388  |  t=2431s
  Ep  1900/5000  |  R= 125609.1  |  Ep=0.107m  |  Col=8.2  |  H=1.383  |  t=2547s
  Ep  2000/5000  |  R= 125479.3  |  Ep=0.110m  |  Col=9.1  |  H=1.352  |  t=2661s
  Ep  2100/5000  |  R= 123028.2  |  Ep=0.129m  |  Col=8.6  |  H=1.392  |  t=2776s
  Ep  2200/5000  |  R= 126500.8  |  Ep=0.118m  |  Col=8.0  |  H=1.395  |  t=2891s
  Ep  2300/5000  |  R= 125425.9  |  Ep=0.131m  |  Col=9.1  |  H=1.405  |  t=3006s
  Ep  2400/5000  |  R= 126340.8  |  Ep=0.107m  |  Col=8.5  |  H=1.445  |  t=3121s
  Ep  2500/5000  |  R= 125915.4  |  Ep=0.105m  |  Col=7.6  |  H=1.355  |  t=3235s
  Ep  2600/5000  |  R= 127111.4  |  Ep=0.107m  |  Col=8.3  |  H=1.369  |  t=3350s
  Ep  2700/5000  |  R= 126890.5  |  Ep=0.105m  |  Col=7.8  |  H=1.322  |  t=3465s
  Ep  2800/5000  |  R= 127047.8  |  Ep=0.107m  |  Col=7.6  |  H=1.230  |  t=3579s
  Ep  2900/5000  |  R= 128749.7  |  Ep=0.098m  |  Col=8.6  |  H=1.256  |  t=3695s
  Ep  3000/5000  |  R= 127822.2  |  Ep=0.110m  |  Col=8.2  |  H=1.309  |  t=3810s
  Ep  3100/5000  |  R= 128402.2  |  Ep=0.097m  |  Col=7.4  |  H=1.315  |  t=3924s
  Ep  3200/5000  |  R= 126787.9  |  Ep=0.109m  |  Col=9.0  |  H=1.302  |  t=4038s
  Ep  3300/5000  |  R= 126726.7  |  Ep=0.107m  |  Col=8.3  |  H=1.311  |  t=4152s
  Ep  3400/5000  |  R= 126362.5  |  Ep=0.105m  |  Col=9.3  |  H=1.401  |  t=4268s
  Ep  3500/5000  |  R= 125654.7  |  Ep=0.108m  |  Col=7.5  |  H=1.414  |  t=4383s
  Ep  3600/5000  |  R= 126513.9  |  Ep=0.106m  |  Col=8.4  |  H=1.439  |  t=4498s
  Ep  3700/5000  |  R= 126532.6  |  Ep=0.115m  |  Col=9.1  |  H=1.386  |  t=4613s
  Ep  3800/5000  |  R= 125559.5  |  Ep=0.116m  |  Col=10.2  |  H=1.365  |  t=4726s
  Ep  3900/5000  |  R= 127062.9  |  Ep=0.103m  |  Col=8.4  |  H=1.337  |  t=4842s
  Ep  4000/5000  |  R= 127248.2  |  Ep=0.112m  |  Col=8.1  |  H=1.381  |  t=4956s
  Ep  4100/5000  |  R= 127929.8  |  Ep=0.095m  |  Col=8.3  |  H=1.367  |  t=5071s
  Ep  4200/5000  |  R= 126158.9  |  Ep=0.109m  |  Col=8.0  |  H=1.362  |  t=5185s
  Ep  4300/5000  |  R= 127332.3  |  Ep=0.096m  |  Col=8.3  |  H=1.382  |  t=5299s
  Ep  4400/5000  |  R= 128810.6  |  Ep=0.102m  |  Col=7.8  |  H=1.298  |  t=5414s
  Ep  4500/5000  |  R= 127269.2  |  Ep=0.099m  |  Col=9.0  |  H=1.356  |  t=5528s
  Ep  4600/5000  |  R= 127446.8  |  Ep=0.107m  |  Col=8.0  |  H=1.311  |  t=5646s
  Ep  4700/5000  |  R= 126023.5  |  Ep=0.109m  |  Col=7.8  |  H=1.377  |  t=5760s
  Ep  4800/5000  |  R= 126948.6  |  Ep=0.100m  |  Col=8.0  |  H=1.379  |  t=5875s
  Ep  4900/5000  |  R= 127323.6  |  Ep=0.097m  |  Col=9.6  |  H=1.371  |  t=5989s
  Ep  5000/5000  |  R= 125174.7  |  Ep=0.112m  |  Col=8.9  |  H=1.427  |  t=6103s

  ── Red MAPPO [CIRCULO] ──────────────────────────────────
  Parámetros de la red  : 10,890
  Transiciones totales  : 13,500,000  (1,500,000 pasos × 9 drones)
  Actualizaciones PPO   : 5,000
  Entropía política     : 2.134 (inicio) → 1.401 (final)
  Estado de convergencia: aún explorando
  ────────────────────────────────────────────────────────────────
  [Guardado] evidencias/visualizacion_mappo_circulo_20260315_154006.png

==================================================================
  RESUMEN GLOBAL — Experiencia acumulada MAPPO
==================================================================
  Parámetros de la red (compartida): 10,890

  LINEA     |  Transiciones: 13,500,000  |  Updates PPO: 5,000  |  H final: 1.494
  V         |  Transiciones: 13,500,000  |  Updates PPO: 5,000  |  H final: 1.559
  CIRCULO   |  Transiciones: 13,500,000  |  Updates PPO: 5,000  |  H final: 1.401
==================================================================

  MAPPO completado.

==================================================================
  MAPPO 2D COMPLETADO  (5h 15m 42s)
==================================================================


==================================================================
  INICIANDO Q-LEARNING 3D
==================================================================


  Sesión Q-Learning 3D + Obstáculos: 20260315_205543

>>> Formación: LINEA <<<


============================================================
  Q-Learning 3D — Formación LINEA
  α=0.2  γ=0.99  ε=1.0→0.1
  Estados posibles: 98,865  (13³ bins × 5 obs × 9 drones)
============================================================
  Ep   100/5000  |  R=   2316.2  |  Ep=1.374m  |  Col=17.9  |  ε=0.606  |  Q=1,448/98,865 (1.5%)  |  t=82s
  Ep   200/5000  |  R=  12046.5  |  Ep=0.360m  |  Col=22.7  |  ε=0.367  |  Q=1,555/98,865 (1.6%)  |  t=162s
  Ep   300/5000  |  R=  12293.1  |  Ep=0.369m  |  Col=19.5  |  ε=0.222  |  Q=1,601/98,865 (1.6%)  |  t=242s
  Ep   400/5000  |  R=   9007.3  |  Ep=0.437m  |  Col=27.0  |  ε=0.135  |  Q=1,641/98,865 (1.7%)  |  t=322s
  Ep   500/5000  |  R=  11091.6  |  Ep=0.399m  |  Col=21.4  |  ε=0.100  |  Q=1,667/98,865 (1.7%)  |  t=402s
  Ep   600/5000  |  R=  11311.1  |  Ep=0.394m  |  Col=21.5  |  ε=0.100  |  Q=1,691/98,865 (1.7%)  |  t=481s
  Ep   700/5000  |  R=   9421.4  |  Ep=0.428m  |  Col=24.2  |  ε=0.100  |  Q=1,708/98,865 (1.7%)  |  t=560s
  Ep   800/5000  |  R=  14002.4  |  Ep=0.340m  |  Col=14.2  |  ε=0.100  |  Q=1,726/98,865 (1.7%)  |  t=639s
  Ep   900/5000  |  R=  13071.6  |  Ep=0.361m  |  Col=16.2  |  ε=0.100  |  Q=1,734/98,865 (1.8%)  |  t=718s
  Ep  1000/5000  |  R=  13175.2  |  Ep=0.353m  |  Col=17.1  |  ε=0.100  |  Q=1,752/98,865 (1.8%)  |  t=801s
  Ep  1100/5000  |  R=  11825.3  |  Ep=0.366m  |  Col=17.1  |  ε=0.100  |  Q=1,763/98,865 (1.8%)  |  t=880s
  Ep  1200/5000  |  R=  13577.0  |  Ep=0.342m  |  Col=14.6  |  ε=0.100  |  Q=1,770/98,865 (1.8%)  |  t=960s
  Ep  1300/5000  |  R=  13279.5  |  Ep=0.354m  |  Col=14.5  |  ε=0.100  |  Q=1,779/98,865 (1.8%)  |  t=1039s
  Ep  1400/5000  |  R=  12347.0  |  Ep=0.363m  |  Col=19.5  |  ε=0.100  |  Q=1,785/98,865 (1.8%)  |  t=1118s
  Ep  1500/5000  |  R=  12137.5  |  Ep=0.378m  |  Col=17.8  |  ε=0.100  |  Q=1,792/98,865 (1.8%)  |  t=1198s
  Ep  1600/5000  |  R=  13520.0  |  Ep=0.348m  |  Col=17.4  |  ε=0.100  |  Q=1,799/98,865 (1.8%)  |  t=1276s
  Ep  1700/5000  |  R=  13277.5  |  Ep=0.357m  |  Col=16.2  |  ε=0.100  |  Q=1,806/98,865 (1.8%)  |  t=1355s
  Ep  1800/5000  |  R=  12193.7  |  Ep=0.387m  |  Col=16.2  |  ε=0.100  |  Q=1,814/98,865 (1.8%)  |  t=1434s
  Ep  1900/5000  |  R=  13273.0  |  Ep=0.362m  |  Col=17.3  |  ε=0.100  |  Q=1,824/98,865 (1.8%)  |  t=1514s
  Ep  2000/5000  |  R=  12896.1  |  Ep=0.369m  |  Col=17.8  |  ε=0.100  |  Q=1,833/98,865 (1.9%)  |  t=1593s
  Ep  2100/5000  |  R=  12502.0  |  Ep=0.378m  |  Col=18.9  |  ε=0.100  |  Q=1,836/98,865 (1.9%)  |  t=1672s
  Ep  2200/5000  |  R=  13362.0  |  Ep=0.358m  |  Col=15.3  |  ε=0.100  |  Q=1,837/98,865 (1.9%)  |  t=1751s
  Ep  2300/5000  |  R=  13006.2  |  Ep=0.354m  |  Col=15.1  |  ε=0.100  |  Q=1,839/98,865 (1.9%)  |  t=1830s
  Ep  2400/5000  |  R=  13009.6  |  Ep=0.361m  |  Col=16.4  |  ε=0.100  |  Q=1,842/98,865 (1.9%)  |  t=1909s
  Ep  2500/5000  |  R=  12578.1  |  Ep=0.370m  |  Col=18.4  |  ε=0.100  |  Q=1,845/98,865 (1.9%)  |  t=1988s
  Ep  2600/5000  |  R=  13511.5  |  Ep=0.356m  |  Col=15.8  |  ε=0.100  |  Q=1,852/98,865 (1.9%)  |  t=2067s
  Ep  2700/5000  |  R=  12478.4  |  Ep=0.371m  |  Col=17.9  |  ε=0.100  |  Q=1,855/98,865 (1.9%)  |  t=2147s
  Ep  2800/5000  |  R=  12946.5  |  Ep=0.359m  |  Col=16.5  |  ε=0.100  |  Q=1,857/98,865 (1.9%)  |  t=2226s
  Ep  2900/5000  |  R=  13001.9  |  Ep=0.366m  |  Col=18.3  |  ε=0.100  |  Q=1,858/98,865 (1.9%)  |  t=2305s
  Ep  3000/5000  |  R=  11230.7  |  Ep=0.391m  |  Col=20.6  |  ε=0.100  |  Q=1,860/98,865 (1.9%)  |  t=2384s
  Ep  3100/5000  |  R=  13050.8  |  Ep=0.355m  |  Col=16.2  |  ε=0.100  |  Q=1,863/98,865 (1.9%)  |  t=2463s
  Ep  3200/5000  |  R=  12697.4  |  Ep=0.379m  |  Col=15.9  |  ε=0.100  |  Q=1,865/98,865 (1.9%)  |  t=2542s
  Ep  3300/5000  |  R=  11497.8  |  Ep=0.376m  |  Col=17.9  |  ε=0.100  |  Q=1,866/98,865 (1.9%)  |  t=2621s
  Ep  3400/5000  |  R=  11933.1  |  Ep=0.379m  |  Col=16.0  |  ε=0.100  |  Q=1,868/98,865 (1.9%)  |  t=2701s
  Ep  3500/5000  |  R=  12083.6  |  Ep=0.383m  |  Col=16.6  |  ε=0.100  |  Q=1,872/98,865 (1.9%)  |  t=2780s
  Ep  3600/5000  |  R=  14140.4  |  Ep=0.336m  |  Col=15.1  |  ε=0.100  |  Q=1,874/98,865 (1.9%)  |  t=2859s
  Ep  3700/5000  |  R=  13146.0  |  Ep=0.361m  |  Col=16.4  |  ε=0.100  |  Q=1,883/98,865 (1.9%)  |  t=2939s
  Ep  3800/5000  |  R=  13888.7  |  Ep=0.354m  |  Col=14.7  |  ε=0.100  |  Q=1,887/98,865 (1.9%)  |  t=3018s
  Ep  3900/5000  |  R=  12491.4  |  Ep=0.371m  |  Col=19.6  |  ε=0.100  |  Q=1,890/98,865 (1.9%)  |  t=3097s
  Ep  4000/5000  |  R=  13248.5  |  Ep=0.368m  |  Col=15.6  |  ε=0.100  |  Q=1,896/98,865 (1.9%)  |  t=3176s
  Ep  4100/5000  |  R=  12595.1  |  Ep=0.363m  |  Col=16.6  |  ε=0.100  |  Q=1,900/98,865 (1.9%)  |  t=3255s
  Ep  4200/5000  |  R=   9298.5  |  Ep=0.436m  |  Col=22.8  |  ε=0.100  |  Q=1,901/98,865 (1.9%)  |  t=3334s
  Ep  4300/5000  |  R=  11069.4  |  Ep=0.384m  |  Col=19.5  |  ε=0.100  |  Q=1,903/98,865 (1.9%)  |  t=3413s
  Ep  4400/5000  |  R=  13809.6  |  Ep=0.340m  |  Col=13.0  |  ε=0.100  |  Q=1,905/98,865 (1.9%)  |  t=3492s
  Ep  4500/5000  |  R=  13489.7  |  Ep=0.359m  |  Col=17.1  |  ε=0.100  |  Q=1,905/98,865 (1.9%)  |  t=3571s
  Ep  4600/5000  |  R=  11885.3  |  Ep=0.373m  |  Col=17.9  |  ε=0.100  |  Q=1,911/98,865 (1.9%)  |  t=3650s
  Ep  4700/5000  |  R=  13391.9  |  Ep=0.353m  |  Col=14.9  |  ε=0.100  |  Q=1,915/98,865 (1.9%)  |  t=3728s
  Ep  4800/5000  |  R=  12601.5  |  Ep=0.375m  |  Col=16.6  |  ε=0.100  |  Q=1,917/98,865 (1.9%)  |  t=3807s
  Ep  4900/5000  |  R=  11609.2  |  Ep=0.388m  |  Col=17.8  |  ε=0.100  |  Q=1,918/98,865 (1.9%)  |  t=3886s
  Ep  5000/5000  |  R=  13915.7  |  Ep=0.343m  |  Col=15.5  |  ε=0.100  |  Q=1,919/98,865 (1.9%)  |  t=3966s

  ── Tabla Q 3D [LINEA] ──────────────────────────────
  Estados posibles  : 98,865
  Estados visitados : 1,919  (1.9%)
  Actualizaciones   : 13,500,000
  ────────────────────────────────────────────────────────────
  [PNG] evidencias/metricas_ql3d_linea_20260315_205543.png
  [HTML] evidencias/visualizacion_ql3d_linea_20260315_205543.html

>>> Formación: V <<<


============================================================
  Q-Learning 3D — Formación V
  α=0.2  γ=0.99  ε=1.0→0.1
  Estados posibles: 98,865  (13³ bins × 5 obs × 9 drones)
============================================================
  Ep   100/5000  |  R=   2359.4  |  Ep=1.290m  |  Col=15.0  |  ε=0.606  |  Q=1,611/98,865 (1.6%)  |  t=79s
  Ep   200/5000  |  R=  11978.2  |  Ep=0.375m  |  Col=18.1  |  ε=0.367  |  Q=1,726/98,865 (1.7%)  |  t=156s
  Ep   300/5000  |  R=  10539.0  |  Ep=0.401m  |  Col=21.5  |  ε=0.222  |  Q=1,769/98,865 (1.8%)  |  t=235s
  Ep   400/5000  |  R=  13338.9  |  Ep=0.371m  |  Col=16.5  |  ε=0.135  |  Q=1,810/98,865 (1.8%)  |  t=313s
  Ep   500/5000  |  R=   8182.9  |  Ep=0.482m  |  Col=24.5  |  ε=0.100  |  Q=1,834/98,865 (1.9%)  |  t=391s
  Ep   600/5000  |  R=  14216.5  |  Ep=0.346m  |  Col=11.9  |  ε=0.100  |  Q=1,847/98,865 (1.9%)  |  t=469s
  Ep   700/5000  |  R=  10624.6  |  Ep=0.414m  |  Col=19.6  |  ε=0.100  |  Q=1,854/98,865 (1.9%)  |  t=547s
  Ep   800/5000  |  R=  14669.8  |  Ep=0.352m  |  Col=10.7  |  ε=0.100  |  Q=1,869/98,865 (1.9%)  |  t=625s
  Ep   900/5000  |  R=  13197.6  |  Ep=0.375m  |  Col=12.8  |  ε=0.100  |  Q=1,888/98,865 (1.9%)  |  t=707s
  Ep  1000/5000  |  R=  12987.4  |  Ep=0.375m  |  Col=17.2  |  ε=0.100  |  Q=1,897/98,865 (1.9%)  |  t=785s
  Ep  1100/5000  |  R=  13704.4  |  Ep=0.357m  |  Col=12.8  |  ε=0.100  |  Q=1,915/98,865 (1.9%)  |  t=863s
  Ep  1200/5000  |  R=  14531.1  |  Ep=0.339m  |  Col=10.8  |  ε=0.100  |  Q=1,928/98,865 (2.0%)  |  t=941s
  Ep  1300/5000  |  R=  10421.0  |  Ep=0.436m  |  Col=20.9  |  ε=0.100  |  Q=1,941/98,865 (2.0%)  |  t=1020s
  Ep  1400/5000  |  R=  12873.2  |  Ep=0.370m  |  Col=14.7  |  ε=0.100  |  Q=1,954/98,865 (2.0%)  |  t=1098s
  Ep  1500/5000  |  R=  12574.8  |  Ep=0.368m  |  Col=13.9  |  ε=0.100  |  Q=1,958/98,865 (2.0%)  |  t=1177s
  Ep  1600/5000  |  R=  13856.5  |  Ep=0.341m  |  Col=13.6  |  ε=0.100  |  Q=1,966/98,865 (2.0%)  |  t=1254s
  Ep  1700/5000  |  R=  13837.9  |  Ep=0.354m  |  Col=13.4  |  ε=0.100  |  Q=1,976/98,865 (2.0%)  |  t=1333s
  Ep  1800/5000  |  R=  13531.8  |  Ep=0.353m  |  Col=15.6  |  ε=0.100  |  Q=1,986/98,865 (2.0%)  |  t=1411s
  Ep  1900/5000  |  R=  12171.3  |  Ep=0.388m  |  Col=15.8  |  ε=0.100  |  Q=1,992/98,865 (2.0%)  |  t=1489s
  Ep  2000/5000  |  R=  13767.4  |  Ep=0.357m  |  Col=13.4  |  ε=0.100  |  Q=1,999/98,865 (2.0%)  |  t=1568s
  Ep  2100/5000  |  R=   8306.9  |  Ep=0.511m  |  Col=23.2  |  ε=0.100  |  Q=2,004/98,865 (2.0%)  |  t=1682s
  Ep  2200/5000  |  R=  13558.3  |  Ep=0.361m  |  Col=12.1  |  ε=0.100  |  Q=2,008/98,865 (2.0%)  |  t=1760s
  Ep  2300/5000  |  R=  14276.1  |  Ep=0.348m  |  Col=11.8  |  ε=0.100  |  Q=2,011/98,865 (2.0%)  |  t=1838s
  Ep  2400/5000  |  R=  14432.9  |  Ep=0.349m  |  Col=12.5  |  ε=0.100  |  Q=2,017/98,865 (2.0%)  |  t=1916s
  Ep  2500/5000  |  R=  12376.8  |  Ep=0.366m  |  Col=15.1  |  ε=0.100  |  Q=2,020/98,865 (2.0%)  |  t=1994s
  Ep  2600/5000  |  R=  14594.5  |  Ep=0.339m  |  Col=10.6  |  ε=0.100  |  Q=2,023/98,865 (2.0%)  |  t=2072s
  Ep  2700/5000  |  R=  13940.1  |  Ep=0.349m  |  Col=16.3  |  ε=0.100  |  Q=2,025/98,865 (2.0%)  |  t=2150s
  Ep  2800/5000  |  R=  12990.8  |  Ep=0.359m  |  Col=14.0  |  ε=0.100  |  Q=2,028/98,865 (2.1%)  |  t=2228s
  Ep  2900/5000  |  R=  13010.0  |  Ep=0.364m  |  Col=14.5  |  ε=0.100  |  Q=2,038/98,865 (2.1%)  |  t=2308s
  Ep  3000/5000  |  R=  14518.8  |  Ep=0.336m  |  Col=11.2  |  ε=0.100  |  Q=2,042/98,865 (2.1%)  |  t=2387s
  Ep  3100/5000  |  R=  12888.8  |  Ep=0.363m  |  Col=14.6  |  ε=0.100  |  Q=2,046/98,865 (2.1%)  |  t=2465s
  Ep  3200/5000  |  R=  13789.5  |  Ep=0.348m  |  Col=10.6  |  ε=0.100  |  Q=2,051/98,865 (2.1%)  |  t=2543s
  Ep  3300/5000  |  R=  13910.6  |  Ep=0.360m  |  Col=12.9  |  ε=0.100  |  Q=2,056/98,865 (2.1%)  |  t=2622s
  Ep  3400/5000  |  R=  13646.2  |  Ep=0.361m  |  Col=14.9  |  ε=0.100  |  Q=2,059/98,865 (2.1%)  |  t=2700s
  Ep  3500/5000  |  R=  12302.3  |  Ep=0.388m  |  Col=16.3  |  ε=0.100  |  Q=2,061/98,865 (2.1%)  |  t=2778s
  Ep  3600/5000  |  R=  12910.2  |  Ep=0.365m  |  Col=16.5  |  ε=0.100  |  Q=2,065/98,865 (2.1%)  |  t=2856s
  Ep  3700/5000  |  R=  13577.0  |  Ep=0.356m  |  Col=13.2  |  ε=0.100  |  Q=2,068/98,865 (2.1%)  |  t=2934s
  Ep  3800/5000  |  R=  12062.4  |  Ep=0.382m  |  Col=17.2  |  ε=0.100  |  Q=2,072/98,865 (2.1%)  |  t=3012s
  Ep  3900/5000  |  R=  14363.6  |  Ep=0.351m  |  Col=11.8  |  ε=0.100  |  Q=2,074/98,865 (2.1%)  |  t=3090s
  Ep  4000/5000  |  R=   9726.7  |  Ep=0.466m  |  Col=20.6  |  ε=0.100  |  Q=2,077/98,865 (2.1%)  |  t=3168s
  Ep  4100/5000  |  R=  12909.8  |  Ep=0.367m  |  Col=14.3  |  ε=0.100  |  Q=2,077/98,865 (2.1%)  |  t=3246s
  Ep  4200/5000  |  R=  14725.2  |  Ep=0.331m  |  Col=11.0  |  ε=0.100  |  Q=2,077/98,865 (2.1%)  |  t=3324s
  Ep  4300/5000  |  R=  14400.7  |  Ep=0.343m  |  Col=10.7  |  ε=0.100  |  Q=2,079/98,865 (2.1%)  |  t=3402s
  Ep  4400/5000  |  R=  13654.7  |  Ep=0.360m  |  Col=14.0  |  ε=0.100  |  Q=2,083/98,865 (2.1%)  |  t=3482s
  Ep  4500/5000  |  R=  12781.7  |  Ep=0.377m  |  Col=15.9  |  ε=0.100  |  Q=2,086/98,865 (2.1%)  |  t=3559s
  Ep  4600/5000  |  R=  13849.3  |  Ep=0.344m  |  Col=13.9  |  ε=0.100  |  Q=2,088/98,865 (2.1%)  |  t=3638s
  Ep  4700/5000  |  R=  12625.4  |  Ep=0.379m  |  Col=15.1  |  ε=0.100  |  Q=2,090/98,865 (2.1%)  |  t=3715s
  Ep  4800/5000  |  R=  13867.8  |  Ep=0.343m  |  Col=12.8  |  ε=0.100  |  Q=2,093/98,865 (2.1%)  |  t=3793s
  Ep  4900/5000  |  R=  12211.2  |  Ep=0.375m  |  Col=17.8  |  ε=0.100  |  Q=2,094/98,865 (2.1%)  |  t=3871s
  Ep  5000/5000  |  R=  13439.3  |  Ep=0.355m  |  Col=14.7  |  ε=0.100  |  Q=2,095/98,865 (2.1%)  |  t=3949s

  ── Tabla Q 3D [V] ──────────────────────────────
  Estados posibles  : 98,865
  Estados visitados : 2,095  (2.1%)
  Actualizaciones   : 13,500,000
  ────────────────────────────────────────────────────────────
  [PNG] evidencias/metricas_ql3d_v_20260315_205543.png
  [HTML] evidencias/visualizacion_ql3d_v_20260315_205543.html

>>> Formación: CIRCULO <<<


============================================================
  Q-Learning 3D — Formación CIRCULO
  α=0.2  γ=0.99  ε=1.0→0.1
  Estados posibles: 98,865  (13³ bins × 5 obs × 9 drones)
============================================================
  Ep   100/5000  |  R=    588.3  |  Ep=1.792m  |  Col=6.4  |  ε=0.606  |  Q=1,895/98,865 (1.9%)  |  t=79s
  Ep   200/5000  |  R=  10969.4  |  Ep=0.371m  |  Col=3.4  |  ε=0.367  |  Q=2,062/98,865 (2.1%)  |  t=158s
  Ep   300/5000  |  R=  11670.8  |  Ep=0.358m  |  Col=2.2  |  ε=0.222  |  Q=2,131/98,865 (2.2%)  |  t=235s
  Ep   400/5000  |  R=  10966.5  |  Ep=0.397m  |  Col=2.1  |  ε=0.135  |  Q=2,175/98,865 (2.2%)  |  t=314s
  Ep   500/5000  |  R=  11543.4  |  Ep=0.385m  |  Col=1.9  |  ε=0.100  |  Q=2,204/98,865 (2.2%)  |  t=392s
  Ep   600/5000  |  R=  12068.8  |  Ep=0.358m  |  Col=1.9  |  ε=0.100  |  Q=2,230/98,865 (2.3%)  |  t=470s
  Ep   700/5000  |  R=  13328.7  |  Ep=0.349m  |  Col=1.7  |  ε=0.100  |  Q=2,253/98,865 (2.3%)  |  t=548s
  Ep   800/5000  |  R=  14117.0  |  Ep=0.342m  |  Col=1.5  |  ε=0.100  |  Q=2,264/98,865 (2.3%)  |  t=625s
  Ep   900/5000  |  R=  13281.3  |  Ep=0.357m  |  Col=1.5  |  ε=0.100  |  Q=2,274/98,865 (2.3%)  |  t=703s
  Ep  1000/5000  |  R=  12535.2  |  Ep=0.377m  |  Col=1.5  |  ε=0.100  |  Q=2,284/98,865 (2.3%)  |  t=781s
  Ep  1100/5000  |  R=  12966.3  |  Ep=0.359m  |  Col=1.8  |  ε=0.100  |  Q=2,293/98,865 (2.3%)  |  t=858s
  Ep  1200/5000  |  R=  13124.3  |  Ep=0.353m  |  Col=2.1  |  ε=0.100  |  Q=2,301/98,865 (2.3%)  |  t=937s
  Ep  1300/5000  |  R=  13754.7  |  Ep=0.344m  |  Col=1.6  |  ε=0.100  |  Q=2,311/98,865 (2.3%)  |  t=1014s
  Ep  1400/5000  |  R=  14154.9  |  Ep=0.341m  |  Col=1.6  |  ε=0.100  |  Q=2,314/98,865 (2.3%)  |  t=1093s
  Ep  1500/5000  |  R=  12231.5  |  Ep=0.367m  |  Col=1.4  |  ε=0.100  |  Q=2,321/98,865 (2.3%)  |  t=1171s
  Ep  1600/5000  |  R=  13452.4  |  Ep=0.361m  |  Col=2.0  |  ε=0.100  |  Q=2,327/98,865 (2.4%)  |  t=1248s
  Ep  1700/5000  |  R=  11578.0  |  Ep=0.380m  |  Col=1.6  |  ε=0.100  |  Q=2,337/98,865 (2.4%)  |  t=1326s
  Ep  1800/5000  |  R=  13867.0  |  Ep=0.341m  |  Col=1.5  |  ε=0.100  |  Q=2,344/98,865 (2.4%)  |  t=1405s
  Ep  1900/5000  |  R=  13083.3  |  Ep=0.354m  |  Col=1.7  |  ε=0.100  |  Q=2,351/98,865 (2.4%)  |  t=1482s
  Ep  2000/5000  |  R=  13693.5  |  Ep=0.349m  |  Col=1.6  |  ε=0.100  |  Q=2,357/98,865 (2.4%)  |  t=1560s
  Ep  2100/5000  |  R=  12720.9  |  Ep=0.377m  |  Col=1.2  |  ε=0.100  |  Q=2,361/98,865 (2.4%)  |  t=1637s
  Ep  2200/5000  |  R=  14055.1  |  Ep=0.348m  |  Col=1.8  |  ε=0.100  |  Q=2,364/98,865 (2.4%)  |  t=1716s
  Ep  2300/5000  |  R=  14051.8  |  Ep=0.350m  |  Col=2.0  |  ε=0.100  |  Q=2,367/98,865 (2.4%)  |  t=1794s
  Ep  2400/5000  |  R=  12859.3  |  Ep=0.367m  |  Col=1.9  |  ε=0.100  |  Q=2,369/98,865 (2.4%)  |  t=1871s
  Ep  2500/5000  |  R=  13531.3  |  Ep=0.348m  |  Col=1.6  |  ε=0.100  |  Q=2,376/98,865 (2.4%)  |  t=1949s
  Ep  2600/5000  |  R=  13799.5  |  Ep=0.346m  |  Col=2.2  |  ε=0.100  |  Q=2,378/98,865 (2.4%)  |  t=2026s
  Ep  2700/5000  |  R=  11277.1  |  Ep=0.405m  |  Col=2.6  |  ε=0.100  |  Q=2,380/98,865 (2.4%)  |  t=2104s
  Ep  2800/5000  |  R=  13981.3  |  Ep=0.347m  |  Col=1.4  |  ε=0.100  |  Q=2,386/98,865 (2.4%)  |  t=2181s
  Ep  2900/5000  |  R=  13448.3  |  Ep=0.350m  |  Col=1.5  |  ε=0.100  |  Q=2,394/98,865 (2.4%)  |  t=2259s
  Ep  3000/5000  |  R=  13285.0  |  Ep=0.359m  |  Col=1.9  |  ε=0.100  |  Q=2,401/98,865 (2.4%)  |  t=2337s
  Ep  3100/5000  |  R=  13834.5  |  Ep=0.360m  |  Col=1.4  |  ε=0.100  |  Q=2,406/98,865 (2.4%)  |  t=2415s
  Ep  3200/5000  |  R=  14772.4  |  Ep=0.337m  |  Col=1.1  |  ε=0.100  |  Q=2,406/98,865 (2.4%)  |  t=2493s
  Ep  3300/5000  |  R=  11200.8  |  Ep=0.400m  |  Col=1.8  |  ε=0.100  |  Q=2,410/98,865 (2.4%)  |  t=2571s
  Ep  3400/5000  |  R=  13415.8  |  Ep=0.367m  |  Col=1.6  |  ε=0.100  |  Q=2,414/98,865 (2.4%)  |  t=2648s
  Ep  3500/5000  |  R=  14334.2  |  Ep=0.343m  |  Col=2.2  |  ε=0.100  |  Q=2,416/98,865 (2.4%)  |  t=2726s
  Ep  3600/5000  |  R=  12434.6  |  Ep=0.378m  |  Col=1.9  |  ε=0.100  |  Q=2,420/98,865 (2.4%)  |  t=2804s
  Ep  3700/5000  |  R=  10108.6  |  Ep=0.424m  |  Col=2.9  |  ε=0.100  |  Q=2,423/98,865 (2.5%)  |  t=2882s
  Ep  3800/5000  |  R=  13418.8  |  Ep=0.352m  |  Col=1.5  |  ε=0.100  |  Q=2,430/98,865 (2.5%)  |  t=2961s
  Ep  3900/5000  |  R=  13418.6  |  Ep=0.342m  |  Col=1.5  |  ε=0.100  |  Q=2,433/98,865 (2.5%)  |  t=3039s
  Ep  4000/5000  |  R=  13640.5  |  Ep=0.352m  |  Col=1.8  |  ε=0.100  |  Q=2,434/98,865 (2.5%)  |  t=3116s
  Ep  4100/5000  |  R=  14055.3  |  Ep=0.341m  |  Col=2.0  |  ε=0.100  |  Q=2,435/98,865 (2.5%)  |  t=3194s
  Ep  4200/5000  |  R=  12684.7  |  Ep=0.371m  |  Col=1.5  |  ε=0.100  |  Q=2,436/98,865 (2.5%)  |  t=3271s
  Ep  4300/5000  |  R=  13380.8  |  Ep=0.361m  |  Col=1.8  |  ε=0.100  |  Q=2,437/98,865 (2.5%)  |  t=3349s
  Ep  4400/5000  |  R=  12849.7  |  Ep=0.364m  |  Col=1.6  |  ε=0.100  |  Q=2,438/98,865 (2.5%)  |  t=3426s
  Ep  4500/5000  |  R=  13041.3  |  Ep=0.355m  |  Col=1.2  |  ε=0.100  |  Q=2,438/98,865 (2.5%)  |  t=3504s
  Ep  4600/5000  |  R=  13795.2  |  Ep=0.345m  |  Col=1.5  |  ε=0.100  |  Q=2,441/98,865 (2.5%)  |  t=3582s
  Ep  4700/5000  |  R=  12047.0  |  Ep=0.389m  |  Col=1.5  |  ε=0.100  |  Q=2,442/98,865 (2.5%)  |  t=3660s
  Ep  4800/5000  |  R=  14276.3  |  Ep=0.335m  |  Col=1.6  |  ε=0.100  |  Q=2,444/98,865 (2.5%)  |  t=3737s
  Ep  4900/5000  |  R=  14664.1  |  Ep=0.335m  |  Col=1.3  |  ε=0.100  |  Q=2,447/98,865 (2.5%)  |  t=3815s
  Ep  5000/5000  |  R=  11143.3  |  Ep=0.395m  |  Col=2.2  |  ε=0.100  |  Q=2,448/98,865 (2.5%)  |  t=3892s

  ── Tabla Q 3D [CIRCULO] ──────────────────────────────
  Estados posibles  : 98,865
  Estados visitados : 2,448  (2.5%)
  Actualizaciones   : 13,500,000
  ────────────────────────────────────────────────────────────
  [PNG] evidencias/metricas_ql3d_circulo_20260315_205543.png
  [HTML] evidencias/visualizacion_ql3d_circulo_20260315_205543.html

==================================================================
  RESUMEN GLOBAL — Q-Learning 3D
==================================================================
  Forma     |     Visitados  |   Cobertura  |     Updates
  --------  |  ------------  |  ----------  |  ----------
  LINEA     |         1,919  |        1.9%  |  13,500,000
            [░░░░░░░░░░░░░░░░░░░░] 1.9%
  V         |         2,095  |        2.1%  |  13,500,000
            [░░░░░░░░░░░░░░░░░░░░] 2.1%
  CIRCULO   |         2,448  |        2.5%  |  13,500,000
            [░░░░░░░░░░░░░░░░░░░░] 2.5%
==================================================================

  Q-Learning 3D completado.

==================================================================
  Q-LEARNING 3D COMPLETADO  (3h 24m 35s)
==================================================================


==================================================================
  INICIANDO MAPPO 3D
==================================================================


  Sesión MAPPO 3D + Obstáculos: 20260316_002018

>>> Formación: LINEA <<<


============================================================
  MAPPO 3D — Formación LINEA
  γ=0.99  λ=0.95  lr_actor=0.0003
  Obs: 20 dims  |  Acciones: 15
  Política: COMPARTIDA (9 drones, 1 red)
============================================================
  Ep   100/5000  |  R=   8005.4  |  Ep=0.867m  |  Col=21.3  |  H=2.481  |  t=115s
  Ep   200/5000  |  R=  93215.5  |  Ep=0.166m  |  Col=19.4  |  H=1.736  |  t=230s
  Ep   300/5000  |  R= 107095.0  |  Ep=0.149m  |  Col=24.4  |  H=1.546  |  t=344s
  Ep   400/5000  |  R= 115484.3  |  Ep=0.139m  |  Col=18.4  |  H=1.637  |  t=458s
  Ep   500/5000  |  R= 116561.9  |  Ep=0.144m  |  Col=14.8  |  H=1.616  |  t=572s
  Ep   600/5000  |  R= 122088.7  |  Ep=0.120m  |  Col=10.9  |  H=1.621  |  t=687s
  Ep   700/5000  |  R= 121550.6  |  Ep=0.130m  |  Col=11.2  |  H=1.625  |  t=803s
  Ep   800/5000  |  R= 123533.8  |  Ep=0.122m  |  Col=9.6  |  H=1.700  |  t=917s
  Ep   900/5000  |  R= 122952.8  |  Ep=0.131m  |  Col=10.0  |  H=1.721  |  t=1031s
  Ep  1000/5000  |  R= 123722.6  |  Ep=0.130m  |  Col=9.8  |  H=1.772  |  t=1145s
  Ep  1100/5000  |  R= 123110.6  |  Ep=0.129m  |  Col=13.0  |  H=1.883  |  t=1261s
  Ep  1200/5000  |  R= 123723.5  |  Ep=0.132m  |  Col=9.7  |  H=1.807  |  t=1377s
  Ep  1300/5000  |  R= 122427.2  |  Ep=0.137m  |  Col=8.6  |  H=1.829  |  t=1491s
  Ep  1400/5000  |  R= 122541.7  |  Ep=0.129m  |  Col=7.3  |  H=1.890  |  t=1605s
  Ep  1500/5000  |  R= 122303.5  |  Ep=0.135m  |  Col=6.3  |  H=1.902  |  t=1720s
  Ep  1600/5000  |  R= 125051.4  |  Ep=0.122m  |  Col=4.6  |  H=1.856  |  t=1836s
  Ep  1700/5000  |  R= 125634.2  |  Ep=0.128m  |  Col=7.1  |  H=1.874  |  t=1950s
  Ep  1800/5000  |  R= 124649.5  |  Ep=0.126m  |  Col=7.6  |  H=1.826  |  t=2064s
  Ep  1900/5000  |  R= 125261.1  |  Ep=0.125m  |  Col=4.5  |  H=1.838  |  t=2180s
  Ep  2000/5000  |  R= 126398.5  |  Ep=0.119m  |  Col=3.5  |  H=1.870  |  t=2295s
  Ep  2100/5000  |  R= 124430.1  |  Ep=0.128m  |  Col=3.1  |  H=1.830  |  t=2409s
  Ep  2200/5000  |  R= 126153.2  |  Ep=0.122m  |  Col=3.8  |  H=1.753  |  t=2526s
  Ep  2300/5000  |  R= 126914.6  |  Ep=0.126m  |  Col=4.3  |  H=1.764  |  t=2640s
  Ep  2400/5000  |  R= 125003.0  |  Ep=0.128m  |  Col=3.6  |  H=1.764  |  t=2755s
  Ep  2500/5000  |  R= 124224.2  |  Ep=0.122m  |  Col=4.3  |  H=1.776  |  t=2869s
  Ep  2600/5000  |  R= 126254.2  |  Ep=0.125m  |  Col=3.7  |  H=1.760  |  t=2983s
  Ep  2700/5000  |  R= 126808.0  |  Ep=0.121m  |  Col=3.7  |  H=1.728  |  t=3098s
  Ep  2800/5000  |  R= 127843.8  |  Ep=0.113m  |  Col=2.8  |  H=1.791  |  t=3213s
  Ep  2900/5000  |  R= 125894.0  |  Ep=0.126m  |  Col=3.2  |  H=1.874  |  t=3328s
  Ep  3000/5000  |  R= 125445.0  |  Ep=0.126m  |  Col=3.3  |  H=1.838  |  t=3442s
  Ep  3100/5000  |  R= 126387.2  |  Ep=0.126m  |  Col=2.1  |  H=1.808  |  t=3556s
  Ep  3200/5000  |  R= 127269.7  |  Ep=0.123m  |  Col=1.7  |  H=1.811  |  t=3673s
  Ep  3300/5000  |  R= 126294.2  |  Ep=0.123m  |  Col=3.1  |  H=1.825  |  t=3786s
  Ep  3400/5000  |  R= 125098.9  |  Ep=0.131m  |  Col=6.2  |  H=1.856  |  t=3901s
  Ep  3500/5000  |  R= 126717.3  |  Ep=0.122m  |  Col=6.0  |  H=1.874  |  t=4015s
  Ep  3600/5000  |  R= 125999.4  |  Ep=0.125m  |  Col=5.4  |  H=1.782  |  t=4135s
  Ep  3700/5000  |  R= 126935.5  |  Ep=0.119m  |  Col=2.7  |  H=1.822  |  t=4250s
  Ep  3800/5000  |  R= 125479.6  |  Ep=0.133m  |  Col=4.3  |  H=1.864  |  t=4365s
  Ep  3900/5000  |  R= 127876.7  |  Ep=0.113m  |  Col=4.0  |  H=1.804  |  t=4480s
  Ep  4000/5000  |  R= 126316.5  |  Ep=0.120m  |  Col=2.5  |  H=1.791  |  t=4596s
  Ep  4100/5000  |  R= 126844.6  |  Ep=0.122m  |  Col=3.0  |  H=1.755  |  t=4711s
  Ep  4200/5000  |  R= 128610.4  |  Ep=0.116m  |  Col=2.5  |  H=1.792  |  t=4825s
  Ep  4300/5000  |  R= 126591.4  |  Ep=0.123m  |  Col=4.7  |  H=1.866  |  t=4941s
  Ep  4400/5000  |  R= 126397.9  |  Ep=0.129m  |  Col=4.2  |  H=1.856  |  t=5055s
  Ep  4500/5000  |  R= 127833.7  |  Ep=0.116m  |  Col=3.0  |  H=1.813  |  t=5170s
  Ep  4600/5000  |  R= 126787.4  |  Ep=0.120m  |  Col=4.4  |  H=1.818  |  t=5285s
  Ep  4700/5000  |  R= 128168.5  |  Ep=0.113m  |  Col=1.8  |  H=1.816  |  t=5400s
  Ep  4800/5000  |  R= 127178.0  |  Ep=0.121m  |  Col=3.6  |  H=1.836  |  t=5515s
  Ep  4900/5000  |  R= 127749.9  |  Ep=0.119m  |  Col=3.4  |  H=1.850  |  t=5629s
  Ep  5000/5000  |  R= 127679.3  |  Ep=0.118m  |  Col=4.0  |  H=1.776  |  t=5744s

  ── Red MAPPO 3D [LINEA] ───────────────────────────
  Parámetros de la red  : 12,048
  Transiciones totales  : 13,500,000  (1,500,000 pasos × 9 drones)
  Actualizaciones PPO   : 5,000
  Entropía política     : 2.658 (inicio) → 1.715 (final)
  Estado de convergencia: aún explorando
  ────────────────────────────────────────────────────────────
  [PNG] evidencias/metricas_mappo3d_linea_20260316_002018.png
  [HTML] evidencias/visualizacion_mappo3d_linea_20260316_002018.html

>>> Formación: V <<<


============================================================
  MAPPO 3D — Formación V
  γ=0.99  λ=0.95  lr_actor=0.0003
  Obs: 20 dims  |  Acciones: 15
  Política: COMPARTIDA (9 drones, 1 red)
============================================================
  Ep   100/5000  |  R=   6830.2  |  Ep=0.933m  |  Col=16.8  |  H=2.488  |  t=115s
  Ep   200/5000  |  R=  96124.9  |  Ep=0.179m  |  Col=5.3  |  H=1.819  |  t=230s
  Ep   300/5000  |  R= 121830.9  |  Ep=0.133m  |  Col=5.4  |  H=1.784  |  t=344s
  Ep   400/5000  |  R= 120297.9  |  Ep=0.145m  |  Col=4.0  |  H=1.825  |  t=458s
  Ep   500/5000  |  R= 121588.2  |  Ep=0.137m  |  Col=3.9  |  H=1.875  |  t=572s
  Ep   600/5000  |  R= 122477.1  |  Ep=0.137m  |  Col=3.9  |  H=1.871  |  t=686s
  Ep   700/5000  |  R= 122039.9  |  Ep=0.137m  |  Col=5.1  |  H=1.781  |  t=801s
  Ep   800/5000  |  R= 123065.7  |  Ep=0.128m  |  Col=5.3  |  H=1.728  |  t=916s
  Ep   900/5000  |  R= 124950.8  |  Ep=0.131m  |  Col=3.8  |  H=1.762  |  t=1031s
  Ep  1000/5000  |  R= 124391.6  |  Ep=0.134m  |  Col=5.0  |  H=1.793  |  t=1146s
  Ep  1100/5000  |  R= 125602.1  |  Ep=0.130m  |  Col=4.7  |  H=1.739  |  t=1263s
  Ep  1200/5000  |  R= 127547.8  |  Ep=0.127m  |  Col=4.8  |  H=1.671  |  t=1378s
  Ep  1300/5000  |  R= 126411.2  |  Ep=0.125m  |  Col=2.6  |  H=1.693  |  t=1492s
  Ep  1400/5000  |  R= 128143.3  |  Ep=0.121m  |  Col=4.0  |  H=1.770  |  t=1606s
  Ep  1500/5000  |  R= 126135.2  |  Ep=0.128m  |  Col=4.0  |  H=1.727  |  t=1720s
  Ep  1600/5000  |  R= 127088.4  |  Ep=0.122m  |  Col=3.4  |  H=1.758  |  t=1834s
  Ep  1700/5000  |  R= 127890.8  |  Ep=0.124m  |  Col=2.6  |  H=1.737  |  t=1949s
  Ep  1800/5000  |  R= 128294.2  |  Ep=0.118m  |  Col=2.2  |  H=1.705  |  t=2064s
  Ep  1900/5000  |  R= 127372.2  |  Ep=0.127m  |  Col=3.0  |  H=1.741  |  t=2179s
  Ep  2000/5000  |  R= 126495.8  |  Ep=0.127m  |  Col=4.0  |  H=1.817  |  t=2292s
  Ep  2100/5000  |  R= 125262.5  |  Ep=0.133m  |  Col=4.7  |  H=1.775  |  t=2407s
  Ep  2200/5000  |  R= 125164.0  |  Ep=0.139m  |  Col=4.3  |  H=1.788  |  t=2523s
  Ep  2300/5000  |  R= 127410.3  |  Ep=0.121m  |  Col=4.2  |  H=1.734  |  t=2637s
  Ep  2400/5000  |  R= 125550.0  |  Ep=0.141m  |  Col=3.9  |  H=1.736  |  t=2752s
  Ep  2500/5000  |  R= 126856.4  |  Ep=0.131m  |  Col=4.0  |  H=1.815  |  t=2867s
  Ep  2600/5000  |  R= 128735.0  |  Ep=0.121m  |  Col=3.9  |  H=1.779  |  t=2981s
  Ep  2700/5000  |  R= 127618.7  |  Ep=0.125m  |  Col=4.4  |  H=1.707  |  t=3096s
  Ep  2800/5000  |  R= 127986.7  |  Ep=0.130m  |  Col=4.5  |  H=1.736  |  t=3212s
  Ep  2900/5000  |  R= 127826.3  |  Ep=0.122m  |  Col=2.8  |  H=1.700  |  t=3326s
  Ep  3000/5000  |  R= 127889.0  |  Ep=0.121m  |  Col=3.4  |  H=1.586  |  t=3440s
  Ep  3100/5000  |  R= 128013.3  |  Ep=0.120m  |  Col=3.2  |  H=1.768  |  t=3555s
  Ep  3200/5000  |  R= 128491.3  |  Ep=0.123m  |  Col=3.0  |  H=1.801  |  t=3669s
  Ep  3300/5000  |  R= 128970.1  |  Ep=0.116m  |  Col=4.4  |  H=1.774  |  t=3785s
  Ep  3400/5000  |  R= 128802.7  |  Ep=0.116m  |  Col=3.8  |  H=1.820  |  t=3899s
  Ep  3500/5000  |  R= 128974.7  |  Ep=0.116m  |  Col=3.7  |  H=1.916  |  t=4014s
  Ep  3600/5000  |  R= 126720.9  |  Ep=0.132m  |  Col=2.8  |  H=1.840  |  t=4129s
  Ep  3700/5000  |  R= 126489.0  |  Ep=0.127m  |  Col=3.8  |  H=1.881  |  t=4243s
  Ep  3800/5000  |  R= 126592.4  |  Ep=0.123m  |  Col=2.6  |  H=1.858  |  t=4358s
  Ep  3900/5000  |  R= 128204.9  |  Ep=0.120m  |  Col=3.2  |  H=1.766  |  t=4472s
  Ep  4000/5000  |  R= 126988.0  |  Ep=0.128m  |  Col=2.7  |  H=1.782  |  t=4586s
  Ep  4100/5000  |  R= 125770.8  |  Ep=0.135m  |  Col=3.3  |  H=1.767  |  t=4700s
  Ep  4200/5000  |  R= 126935.0  |  Ep=0.128m  |  Col=3.4  |  H=1.727  |  t=4815s
  Ep  4300/5000  |  R= 126860.2  |  Ep=0.132m  |  Col=3.1  |  H=1.771  |  t=4930s
  Ep  4400/5000  |  R= 127650.8  |  Ep=0.127m  |  Col=2.7  |  H=1.755  |  t=5045s
  Ep  4500/5000  |  R= 128724.5  |  Ep=0.116m  |  Col=3.2  |  H=1.747  |  t=5159s
  Ep  4600/5000  |  R= 128296.9  |  Ep=0.126m  |  Col=2.9  |  H=1.711  |  t=5273s
  Ep  4700/5000  |  R= 128556.5  |  Ep=0.119m  |  Col=3.0  |  H=1.709  |  t=5392s
  Ep  4800/5000  |  R= 127806.6  |  Ep=0.113m  |  Col=2.2  |  H=1.780  |  t=5508s
  Ep  4900/5000  |  R= 127038.2  |  Ep=0.121m  |  Col=2.6  |  H=1.817  |  t=5623s
  Ep  5000/5000  |  R= 128180.7  |  Ep=0.124m  |  Col=4.8  |  H=1.755  |  t=5737s

  ── Red MAPPO 3D [V] ───────────────────────────
  Parámetros de la red  : 12,048
  Transiciones totales  : 13,500,000  (1,500,000 pasos × 9 drones)
  Actualizaciones PPO   : 5,000
  Entropía política     : 2.651 (inicio) → 1.756 (final)
  Estado de convergencia: aún explorando
  ────────────────────────────────────────────────────────────
  [PNG] evidencias/metricas_mappo3d_v_20260316_002018.png
  [HTML] evidencias/visualizacion_mappo3d_v_20260316_002018.html

>>> Formación: CIRCULO <<<


============================================================
  MAPPO 3D — Formación CIRCULO
  γ=0.99  λ=0.95  lr_actor=0.0003
  Obs: 20 dims  |  Acciones: 15
  Política: COMPARTIDA (9 drones, 1 red)
============================================================
  Ep   100/5000  |  R=   6143.8  |  Ep=0.944m  |  Col=5.1  |  H=2.493  |  t=114s
  Ep   200/5000  |  R=  86340.3  |  Ep=0.169m  |  Col=2.1  |  H=1.870  |  t=227s
  Ep   300/5000  |  R= 111343.2  |  Ep=0.147m  |  Col=2.1  |  H=1.682  |  t=341s
  Ep   400/5000  |  R= 118779.9  |  Ep=0.123m  |  Col=1.7  |  H=1.575  |  t=454s
  Ep   500/5000  |  R= 120183.8  |  Ep=0.137m  |  Col=1.7  |  H=1.538  |  t=568s
  Ep   600/5000  |  R= 119940.8  |  Ep=0.127m  |  Col=1.8  |  H=1.611  |  t=681s
  Ep   700/5000  |  R= 120920.2  |  Ep=0.137m  |  Col=1.3  |  H=1.635  |  t=794s
  Ep   800/5000  |  R= 122360.7  |  Ep=0.136m  |  Col=1.1  |  H=1.667  |  t=908s
  Ep   900/5000  |  R= 120348.9  |  Ep=0.144m  |  Col=1.7  |  H=1.696  |  t=1021s
  Ep  1000/5000  |  R= 119993.4  |  Ep=0.137m  |  Col=1.7  |  H=1.704  |  t=1136s
  Ep  1100/5000  |  R= 121076.2  |  Ep=0.137m  |  Col=2.0  |  H=1.694  |  t=1250s
  Ep  1200/5000  |  R= 122583.5  |  Ep=0.127m  |  Col=1.3  |  H=1.710  |  t=1365s
  Ep  1300/5000  |  R= 122177.8  |  Ep=0.143m  |  Col=1.1  |  H=1.558  |  t=1479s
  Ep  1400/5000  |  R= 121895.2  |  Ep=0.132m  |  Col=1.2  |  H=1.671  |  t=1594s
  Ep  1500/5000  |  R= 123722.2  |  Ep=0.127m  |  Col=1.4  |  H=1.659  |  t=1706s
  Ep  1600/5000  |  R= 122528.9  |  Ep=0.135m  |  Col=1.3  |  H=1.692  |  t=1820s
  Ep  1700/5000  |  R= 124632.7  |  Ep=0.122m  |  Col=1.5  |  H=1.780  |  t=1934s
  Ep  1800/5000  |  R= 125517.4  |  Ep=0.124m  |  Col=1.4  |  H=1.720  |  t=2048s
  Ep  1900/5000  |  R= 124132.4  |  Ep=0.132m  |  Col=1.0  |  H=1.698  |  t=2161s
  Ep  2000/5000  |  R= 125571.9  |  Ep=0.119m  |  Col=1.4  |  H=1.748  |  t=2275s
  Ep  2100/5000  |  R= 125182.9  |  Ep=0.120m  |  Col=1.3  |  H=1.715  |  t=2393s
  Ep  2200/5000  |  R= 124261.6  |  Ep=0.121m  |  Col=1.1  |  H=1.759  |  t=2507s
  Ep  2300/5000  |  R= 125609.2  |  Ep=0.126m  |  Col=0.8  |  H=1.721  |  t=2622s
  Ep  2400/5000  |  R= 124890.5  |  Ep=0.128m  |  Col=1.6  |  H=1.729  |  t=2736s
  Ep  2500/5000  |  R= 126827.8  |  Ep=0.111m  |  Col=1.1  |  H=1.802  |  t=2849s
  Ep  2600/5000  |  R= 125929.8  |  Ep=0.122m  |  Col=1.3  |  H=1.682  |  t=2962s
  Ep  2700/5000  |  R= 124321.8  |  Ep=0.126m  |  Col=1.2  |  H=1.775  |  t=3077s
  Ep  2800/5000  |  R= 123902.8  |  Ep=0.139m  |  Col=1.2  |  H=1.790  |  t=3190s
  Ep  2900/5000  |  R= 125801.4  |  Ep=0.116m  |  Col=0.8  |  H=1.773  |  t=3305s
  Ep  3000/5000  |  R= 126006.0  |  Ep=0.118m  |  Col=1.2  |  H=1.767  |  t=3420s
  Ep  3100/5000  |  R= 126522.2  |  Ep=0.114m  |  Col=1.5  |  H=1.711  |  t=3533s
  Ep  3200/5000  |  R= 127299.8  |  Ep=0.117m  |  Col=1.3  |  H=1.709  |  t=3646s
  Ep  3300/5000  |  R= 125389.5  |  Ep=0.119m  |  Col=1.4  |  H=1.745  |  t=3759s
  Ep  3400/5000  |  R= 125188.0  |  Ep=0.121m  |  Col=0.9  |  H=1.810  |  t=3873s
  Ep  3500/5000  |  R= 125287.7  |  Ep=0.120m  |  Col=1.3  |  H=1.808  |  t=3987s
  Ep  3600/5000  |  R= 125070.8  |  Ep=0.124m  |  Col=1.3  |  H=1.763  |  t=4101s
  Ep  3700/5000  |  R= 124685.4  |  Ep=0.119m  |  Col=1.7  |  H=1.815  |  t=4213s
  Ep  3800/5000  |  R= 125309.1  |  Ep=0.127m  |  Col=1.1  |  H=1.756  |  t=4328s
  Ep  3900/5000  |  R= 126163.1  |  Ep=0.115m  |  Col=1.0  |  H=1.782  |  t=4442s
  Ep  4000/5000  |  R= 125692.5  |  Ep=0.115m  |  Col=0.8  |  H=1.794  |  t=4555s
  Ep  4100/5000  |  R= 126322.7  |  Ep=0.113m  |  Col=1.4  |  H=1.730  |  t=4669s
  Ep  4200/5000  |  R= 125914.3  |  Ep=0.122m  |  Col=1.1  |  H=1.733  |  t=4783s
  Ep  4300/5000  |  R= 127121.5  |  Ep=0.112m  |  Col=1.4  |  H=1.697  |  t=4943s
  Ep  4400/5000  |  R= 125669.5  |  Ep=0.119m  |  Col=0.8  |  H=1.659  |  t=5100s
  Ep  4500/5000  |  R= 125399.0  |  Ep=0.120m  |  Col=0.9  |  H=1.725  |  t=5257s
  Ep  4600/5000  |  R= 126015.6  |  Ep=0.121m  |  Col=0.9  |  H=1.715  |  t=9972s
  Ep  4700/5000  |  R= 125963.8  |  Ep=0.117m  |  Col=0.8  |  H=1.720  |  t=10167s
  Ep  4800/5000  |  R= 126587.1  |  Ep=0.115m  |  Col=0.9  |  H=1.774  |  t=10362s
  Ep  4900/5000  |  R= 124886.6  |  Ep=0.117m  |  Col=1.2  |  H=1.819  |  t=10556s
  Ep  5000/5000  |  R= 125337.0  |  Ep=0.119m  |  Col=0.8  |  H=1.780  |  t=10752s

  ── Red MAPPO 3D [CIRCULO] ───────────────────────────
  Parámetros de la red  : 12,048
  Transiciones totales  : 13,500,000  (1,500,000 pasos × 9 drones)
  Actualizaciones PPO   : 5,000
  Entropía política     : 2.656 (inicio) → 1.772 (final)
  Estado de convergencia: aún explorando
  ────────────────────────────────────────────────────────────
  [PNG] evidencias/metricas_mappo3d_circulo_20260316_002018.png
  [HTML] evidencias/visualizacion_mappo3d_circulo_20260316_002018.html

==================================================================
  RESUMEN GLOBAL — MAPPO 3D
==================================================================
  Parámetros de la red (compartida): 12,048

  LINEA     |  Trans: 13,500,000  |  Updates PPO: 5,000  |  H final: 1.715
  V         |  Trans: 13,500,000  |  Updates PPO: 5,000  |  H final: 1.756
  CIRCULO   |  Trans: 13,500,000  |  Updates PPO: 5,000  |  H final: 1.772
==================================================================

  MAPPO 3D completado.

==================================================================
  MAPPO 3D COMPLETADO  (6h 20m 24s)
==================================================================


==================================================================
  RESUMEN FINAL
==================================================================
  Entorno                Tiempo
  ---------------  ------------
  QL 2D              3h 13m 27s
  MAPPO 2D           5h 15m 42s
  QL 3D              3h 24m 35s
  MAPPO 3D           6h 20m 24s
  ---------------  ------------
  TOTAL              18h 14m 9s
==================================================================

  Log completo : logs/entrenamiento_20260315_122632.log
  MLflow UI    : mlflow ui --port 3000
                 http://localhost:3000

==================================================================
